{"meta": {"format": 3, "version": "7.13.4", "timestamp": "2026-03-10T11:22:57.720168", "branch_coverage": false, "show_contexts": false}, "files": {"app\\__init__.py": {"executed_lines": [1, 2, 3, 4, 5, 7, 8, 9, 10, 11, 12, 13, 14, 15, 16, 17, 19, 20, 21, 24, 37, 54, 61, 64, 65, 66, 72, 73, 75, 76, 81, 82, 86, 87, 91, 92, 93, 98, 100, 101, 104, 105, 107, 108, 109, 111, 112, 115, 116, 122, 123, 124, 125, 137, 141, 142, 144, 146, 147, 149, 152, 153, 156, 158, 162, 163, 166, 167, 168, 169, 175, 177, 179, 180, 188, 189, 190, 191, 194, 195, 198, 203, 204, 206, 207, 210, 234, 235, 238, 241, 246, 247, 248, 249, 250, 251, 252, 253, 254, 255, 256, 258, 259, 260, 263, 266, 267, 268, 270, 272, 273, 274, 276, 277, 278, 279, 280, 281, 284, 292, 293, 296, 297, 298, 299, 300, 301, 302, 303, 305, 306, 307, 308, 309, 310, 311, 312, 313, 314, 315, 316, 317, 318, 319, 320, 321, 322, 323, 324, 325, 326, 327, 328, 329, 330, 332, 333, 334, 335, 336, 337, 338, 339, 340, 341, 342, 343, 344, 345, 346, 347, 348, 349, 350, 351, 352, 353, 354, 355, 356, 357, 358, 359, 360, 361, 362, 363, 364, 365, 366, 367, 369, 402, 403, 407, 408, 411], "summary": {"covered_lines": 197, "num_statements": 253, "percent_covered": 77.86561264822134, "percent_covered_display": "78", "missing_lines": 56, "excluded_lines": 0, "percent_statements_covered": 77.86561264822134, "percent_statements_covered_display": "78"}, "missing_lines": [38, 42, 47, 48, 51, 74, 83, 88, 94, 110, 128, 129, 130, 131, 132, 133, 134, 159, 181, 182, 184, 185, 186, 199, 200, 205, 211, 213, 214, 264, 371, 372, 375, 376, 377, 378, 379, 380, 381, 382, 383, 384, 387, 388, 389, 390, 391, 392, 393, 394, 395, 396, 397, 399, 404, 409], "excluded_lines": [], "functions": {"_generate_rsa_keys": {"executed_lines": [], "summary": {"covered_lines": 0, "num_statements": 5, "percent_covered": 0.0, "percent_covered_display": "0", "missing_lines": 5, "excluded_lines": 0, "percent_statements_covered": 0.0, "percent_statements_covered_display": "0"}, "missing_lines": [38, 42, 47, 48, 51], "excluded_lines": [], "start_line": 37}, "_validate_env": {"executed_lines": [61, 64, 65, 66, 72, 73, 75, 76, 81, 82, 86, 87, 91, 92, 93, 98, 100, 101, 104, 105, 107, 108, 109, 111, 112, 115, 116, 122, 123, 124, 125], "summary": {"covered_lines": 31, "num_statements": 43, "percent_covered": 72.09302325581395, "percent_covered_display": "72", "missing_lines": 12, "excluded_lines": 0, "percent_statements_covered": 72.09302325581395, "percent_statements_covered_display": "72"}, "missing_lines": [74, 83, 88, 94, 110, 128, 129, 130, 131, 132, 133, 134], "excluded_lines": [], "start_line": 54}, "create_app": {"executed_lines": [141, 142, 144, 146, 147, 149, 152, 153, 156, 158, 162, 163, 166, 167, 168, 169, 175, 179, 180, 188, 189, 190, 191, 194, 195, 198, 203, 204, 206, 207, 210, 234, 235, 238, 241, 246, 258, 259, 260, 263, 266, 267, 272, 273, 284, 292, 293, 296, 297, 298, 299, 300, 301, 302, 303, 305, 306, 307, 308, 309, 310, 311, 312, 313, 314, 315, 316, 317, 318, 319, 320, 321, 322, 323, 324, 325, 326, 327, 328, 329, 330, 332, 333, 334, 335, 336, 337, 338, 339, 340, 341, 342, 343, 344, 345, 346, 347, 348, 349, 350, 351, 352, 353, 354, 355, 356, 357, 358, 359, 360, 361, 362, 363, 364, 365, 366, 367, 369, 402, 403, 407, 408, 411], "summary": {"covered_lines": 123, "num_statements": 136, "percent_covered": 90.44117647058823, "percent_covered_display": "90", "missing_lines": 13, "excluded_lines": 0, "percent_statements_covered": 90.44117647058823, "percent_statements_covered_display": "90"}, "missing_lines": [159, 181, 182, 184, 185, 186, 199, 200, 205, 211, 213, 214, 264], "excluded_lines": [], "start_line": 137}, "create_app._fix_pem": {"executed_lines": [177], "summary": {"covered_lines": 1, "num_statements": 1, "percent_covered": 100.0, "percent_covered_display": "100", "missing_lines": 0, "excluded_lines": 0, "percent_statements_covered": 100.0, "percent_statements_covered_display": "100"}, "missing_lines": [], "excluded_lines": [], "start_line": 175}, "create_app.SensitiveDataFilter.filter": {"executed_lines": [247, 248, 249, 250, 251, 252, 253, 254, 255, 256], "summary": {"covered_lines": 10, "num_statements": 10, "percent_covered": 100.0, "percent_covered_display": "100", "missing_lines": 0, "excluded_lines": 0, "percent_statements_covered": 100.0, "percent_statements_covered_display": "100"}, "missing_lines": [], "excluded_lines": [], "start_line": 246}, "create_app._record_request_start": {"executed_lines": [268, 270], "summary": {"covered_lines": 2, "num_statements": 2, "percent_covered": 100.0, "percent_covered_display": "100", "missing_lines": 0, "excluded_lines": 0, "percent_statements_covered": 100.0, "percent_statements_covered_display": "100"}, "missing_lines": [], "excluded_lines": [], "start_line": 267}, "create_app._check_slow_request": {"executed_lines": [274, 276, 277, 278, 279, 280, 281], "summary": {"covered_lines": 7, "num_statements": 7, "percent_covered": 100.0, "percent_covered_display": "100", "missing_lines": 0, "excluded_lines": 0, "percent_statements_covered": 100.0, "percent_statements_covered_display": "100"}, "missing_lines": [], "excluded_lines": [], "start_line": 273}, "create_app._check_health": {"executed_lines": [], "summary": {"covered_lines": 0, "num_statements": 24, "percent_covered": 0.0, "percent_covered_display": "0", "missing_lines": 24, "excluded_lines": 0, "percent_statements_covered": 0.0, "percent_statements_covered_display": "0"}, "missing_lines": [371, 372, 375, 376, 377, 378, 379, 380, 381, 382, 383, 384, 387, 388, 389, 390, 391, 392, 393, 394, 395, 396, 397, 399], "excluded_lines": [], "start_line": 369}, "create_app.health_root": {"executed_lines": [], "summary": {"covered_lines": 0, "num_statements": 1, "percent_covered": 0.0, "percent_covered_display": "0", "missing_lines": 1, "excluded_lines": 0, "percent_statements_covered": 0.0, "percent_statements_covered_display": "0"}, "missing_lines": [404], "excluded_lines": [], "start_line": 403}, "create_app.health_api": {"executed_lines": [], "summary": {"covered_lines": 0, "num_statements": 1, "percent_covered": 0.0, "percent_covered_display": "0", "missing_lines": 1, "excluded_lines": 0, "percent_statements_covered": 0.0, "percent_statements_covered_display": "0"}, "missing_lines": [409], "excluded_lines": [], "start_line": 408}, "": {"executed_lines": [1, 2, 3, 4, 5, 7, 8, 9, 10, 11, 12, 13, 14, 15, 16, 17, 19, 20, 21, 24, 37, 54, 137], "summary": {"covered_lines": 23, "num_statements": 23, "percent_covered": 100.0, "percent_covered_display": "100", "missing_lines": 0, "excluded_lines": 0, "percent_statements_covered": 100.0, "percent_statements_covered_display": "100"}, "missing_lines": [], "excluded_lines": [], "start_line": 1}}, "classes": {"create_app.SensitiveDataFilter": {"executed_lines": [247, 248, 249, 250, 251, 252, 253, 254, 255, 256], "summary": {"covered_lines": 10, "num_statements": 10, "percent_covered": 100.0, "percent_covered_display": "100", "missing_lines": 0, "excluded_lines": 0, "percent_statements_covered": 100.0, "percent_statements_covered_display": "100"}, "missing_lines": [], "excluded_lines": [], "start_line": 238}, "": {"executed_lines": [1, 2, 3, 4, 5, 7, 8, 9, 10, 11, 12, 13, 14, 15, 16, 17, 19, 20, 21, 24, 37, 54, 61, 64, 65, 66, 72, 73, 75, 76, 81, 82, 86, 87, 91, 92, 93, 98, 100, 101, 104, 105, 107, 108, 109, 111, 112, 115, 116, 122, 123, 124, 125, 137, 141, 142, 144, 146, 147, 149, 152, 153, 156, 158, 162, 163, 166, 167, 168, 169, 175, 177, 179, 180, 188, 189, 190, 191, 194, 195, 198, 203, 204, 206, 207, 210, 234, 235, 238, 241, 246, 258, 259, 260, 263, 266, 267, 268, 270, 272, 273, 274, 276, 277, 278, 279, 280, 281, 284, 292, 293, 296, 297, 298, 299, 300, 301, 302, 303, 305, 306, 307, 308, 309, 310, 311, 312, 313, 314, 315, 316, 317, 318, 319, 320, 321, 322, 323, 324, 325, 326, 327, 328, 329, 330, 332, 333, 334, 335, 336, 337, 338, 339, 340, 341, 342, 343, 344, 345, 346, 347, 348, 349, 350, 351, 352, 353, 354, 355, 356, 357, 358, 359, 360, 361, 362, 363, 364, 365, 366, 367, 369, 402, 403, 407, 408, 411], "summary": {"covered_lines": 187, "num_statements": 243, "percent_covered": 76.95473251028807, "percent_covered_display": "77", "missing_lines": 56, "excluded_lines": 0, "percent_statements_covered": 76.95473251028807, "percent_statements_covered_display": "77"}, "missing_lines": [38, 42, 47, 48, 51, 74, 83, 88, 94, 110, 128, 129, 130, 131, 132, 133, 134, 159, 181, 182, 184, 185, 186, 199, 200, 205, 211, 213, 214, 264, 371, 372, 375, 376, 377, 378, 379, 380, 381, 382, 383, 384, 387, 388, 389, 390, 391, 392, 393, 394, 395, 396, 397, 399, 404, 409], "excluded_lines": [], "start_line": 1}}}, "app\\ai_v2\\__init__.py": {"executed_lines": [1, 3, 4], "summary": {"covered_lines": 3, "num_statements": 3, "percent_covered": 100.0, "percent_covered_display": "100", "missing_lines": 0, "excluded_lines": 0, "percent_statements_covered": 100.0, "percent_statements_covered_display": "100"}, "missing_lines": [], "excluded_lines": [], "functions": {"": {"executed_lines": [1, 3, 4], "summary": {"covered_lines": 3, "num_statements": 3, "percent_covered": 100.0, "percent_covered_display": "100", "missing_lines": 0, "excluded_lines": 0, "percent_statements_covered": 100.0, "percent_statements_covered_display": "100"}, "missing_lines": [], "excluded_lines": [], "start_line": 1}}, "classes": {"": {"executed_lines": [1, 3, 4], "summary": {"covered_lines": 3, "num_statements": 3, "percent_covered": 100.0, "percent_covered_display": "100", "missing_lines": 0, "excluded_lines": 0, "percent_statements_covered": 100.0, "percent_statements_covered_display": "100"}, "missing_lines": [], "excluded_lines": [], "start_line": 1}}}, "app\\ai_v2\\routes.py": {"executed_lines": [1, 3, 4, 5, 7, 10, 11, 12, 13, 14, 15, 18, 20, 21, 24, 25, 26, 27, 28, 29, 30, 32, 35, 37, 38, 41, 42, 43, 44, 45, 46, 49, 51, 52, 55, 56, 57, 69, 70, 71, 72, 73, 74, 77, 79, 80, 83, 84, 85, 86, 87, 89, 91, 92], "summary": {"covered_lines": 54, "num_statements": 65, "percent_covered": 83.07692307692308, "percent_covered_display": "83", "missing_lines": 11, "excluded_lines": 0, "percent_statements_covered": 83.07692307692308, "percent_statements_covered_display": "83"}, "missing_lines": [16, 33, 47, 58, 59, 60, 61, 63, 65, 66, 75], "excluded_lines": [], "functions": {"forecast_v2": {"executed_lines": [13, 14, 15, 18, 20, 21], "summary": {"covered_lines": 6, "num_statements": 7, "percent_covered": 85.71428571428571, "percent_covered_display": "86", "missing_lines": 1, "excluded_lines": 0, "percent_statements_covered": 85.71428571428571, "percent_statements_covered_display": "86"}, "missing_lines": [16], "excluded_lines": [], "start_line": 12}, "optimize_pricing_v2": {"executed_lines": [27, 28, 29, 30, 32, 35, 37, 38], "summary": {"covered_lines": 8, "num_statements": 9, "percent_covered": 88.88888888888889, "percent_covered_display": "89", "missing_lines": 1, "excluded_lines": 0, "percent_statements_covered": 88.88888888888889, "percent_statements_covered_display": "89"}, "missing_lines": [33], "excluded_lines": [], "start_line": 26}, "shelf_scan_v2": {"executed_lines": [44, 45, 46, 49, 51, 52], "summary": {"covered_lines": 6, "num_statements": 7, "percent_covered": 85.71428571428571, "percent_covered_display": "86", "missing_lines": 1, "excluded_lines": 0, "percent_statements_covered": 85.71428571428571, "percent_statements_covered_display": "86"}, "missing_lines": [47], "excluded_lines": [], "start_line": 43}, "receipt_v2": {"executed_lines": [], "summary": {"covered_lines": 0, "num_statements": 7, "percent_covered": 0.0, "percent_covered_display": "0", "missing_lines": 7, "excluded_lines": 0, "percent_statements_covered": 0.0, "percent_statements_covered_display": "0"}, "missing_lines": [58, 59, 60, 61, 63, 65, 66], "excluded_lines": [], "start_line": 57}, "nlp_query_v2": {"executed_lines": [72, 73, 74, 77, 79, 80], "summary": {"covered_lines": 6, "num_statements": 7, "percent_covered": 85.71428571428571, "percent_covered_display": "86", "missing_lines": 1, "excluded_lines": 0, "percent_statements_covered": 85.71428571428571, "percent_statements_covered_display": "86"}, "missing_lines": [75], "excluded_lines": [], "start_line": 71}, "recommend_v2": {"executed_lines": [86, 87, 89, 91, 92], "summary": {"covered_lines": 5, "num_statements": 5, "percent_covered": 100.0, "percent_covered_display": "100", "missing_lines": 0, "excluded_lines": 0, "percent_statements_covered": 100.0, "percent_statements_covered_display": "100"}, "missing_lines": [], "excluded_lines": [], "start_line": 85}, "": {"executed_lines": [1, 3, 4, 5, 7, 10, 11, 12, 24, 25, 26, 41, 42, 43, 55, 56, 57, 69, 70, 71, 83, 84, 85], "summary": {"covered_lines": 23, "num_statements": 23, "percent_covered": 100.0, "percent_covered_display": "100", "missing_lines": 0, "excluded_lines": 0, "percent_statements_covered": 100.0, "percent_statements_covered_display": "100"}, "missing_lines": [], "excluded_lines": [], "start_line": 1}}, "classes": {"": {"executed_lines": [1, 3, 4, 5, 7, 10, 11, 12, 13, 14, 15, 18, 20, 21, 24, 25, 26, 27, 28, 29, 30, 32, 35, 37, 38, 41, 42, 43, 44, 45, 46, 49, 51, 52, 55, 56, 57, 69, 70, 71, 72, 73, 74, 77, 79, 80, 83, 84, 85, 86, 87, 89, 91, 92], "summary": {"covered_lines": 54, "num_statements": 65, "percent_covered": 83.07692307692308, "percent_covered_display": "83", "missing_lines": 11, "excluded_lines": 0, "percent_statements_covered": 83.07692307692308, "percent_statements_covered_display": "83"}, "missing_lines": [16, 33, 47, 58, 59, 60, 61, 63, 65, 66, 75], "excluded_lines": [], "start_line": 1}}}, "app\\analytics\\__init__.py": {"executed_lines": [1], "summary": {"covered_lines": 1, "num_statements": 1, "percent_covered": 100.0, "percent_covered_display": "100", "missing_lines": 0, "excluded_lines": 0, "percent_statements_covered": 100.0, "percent_statements_covered_display": "100"}, "missing_lines": [], "excluded_lines": [], "functions": {"": {"executed_lines": [1], "summary": {"covered_lines": 1, "num_statements": 1, "percent_covered": 100.0, "percent_covered_display": "100", "missing_lines": 0, "excluded_lines": 0, "percent_statements_covered": 100.0, "percent_statements_covered_display": "100"}, "missing_lines": [], "excluded_lines": [], "start_line": 1}}, "classes": {"": {"executed_lines": [1], "summary": {"covered_lines": 1, "num_statements": 1, "percent_covered": 100.0, "percent_covered_display": "100", "missing_lines": 0, "excluded_lines": 0, "percent_statements_covered": 100.0, "percent_statements_covered_display": "100"}, "missing_lines": [], "excluded_lines": [], "start_line": 1}}}, "app\\analytics\\helpers.py": {"executed_lines": [5, 7, 8, 9, 10, 12, 17, 27, 34, 35, 36, 37, 39, 40, 63, 65, 71, 72, 73, 74, 75, 80, 82, 84, 93, 99, 100, 101, 102, 103, 109, 115, 117, 118, 120, 121, 122, 123, 124, 125, 127, 128, 129, 130, 131, 137, 151, 152, 153, 154, 156, 158, 159, 160, 161, 162, 163, 164, 165, 168, 174, 175, 177], "summary": {"covered_lines": 63, "num_statements": 94, "percent_covered": 67.02127659574468, "percent_covered_display": "67", "missing_lines": 31, "excluded_lines": 0, "percent_statements_covered": 67.02127659574468, "percent_statements_covered_display": "67"}, "missing_lines": [18, 19, 21, 22, 23, 24, 41, 42, 43, 44, 45, 46, 47, 48, 50, 51, 52, 53, 54, 55, 57, 58, 59, 60, 61, 76, 77, 85, 86, 87, 155], "excluded_lines": [], "functions": {"_redis": {"executed_lines": [], "summary": {"covered_lines": 0, "num_statements": 6, "percent_covered": 0.0, "percent_covered_display": "0", "missing_lines": 6, "excluded_lines": 0, "percent_statements_covered": 0.0, "percent_statements_covered_display": "0"}, "missing_lines": [18, 19, 21, 22, 23, 24], "excluded_lines": [], "start_line": 17}, "cache_response": {"executed_lines": [34, 35, 65], "summary": {"covered_lines": 3, "num_statements": 3, "percent_covered": 100.0, "percent_covered_display": "100", "missing_lines": 0, "excluded_lines": 0, "percent_statements_covered": 100.0, "percent_statements_covered_display": "100"}, "missing_lines": [], "excluded_lines": [], "start_line": 27}, "cache_response.decorator": {"executed_lines": [36, 63], "summary": {"covered_lines": 2, "num_statements": 2, "percent_covered": 100.0, "percent_covered_display": "100", "missing_lines": 0, "excluded_lines": 0, "percent_statements_covered": 100.0, "percent_statements_covered_display": "100"}, "missing_lines": [], "excluded_lines": [], "start_line": 34}, "cache_response.decorator.wrapper": {"executed_lines": [37, 39, 40], "summary": {"covered_lines": 3, "num_statements": 22, "percent_covered": 13.636363636363637, "percent_covered_display": "14", "missing_lines": 19, "excluded_lines": 0, "percent_statements_covered": 13.636363636363637, "percent_statements_covered_display": "14"}, "missing_lines": [41, 42, 43, 44, 45, 46, 47, 48, 50, 51, 52, 53, 54, 55, 57, 58, 59, 60, 61], "excluded_lines": [], "start_line": 36}, "parse_date": {"executed_lines": [72, 73, 74, 75], "summary": {"covered_lines": 4, "num_statements": 6, "percent_covered": 66.66666666666667, "percent_covered_display": "67", "missing_lines": 2, "excluded_lines": 0, "percent_statements_covered": 66.66666666666667, "percent_statements_covered_display": "67"}, "missing_lines": [76, 77], "excluded_lines": [], "start_line": 71}, "bucket_date": {"executed_lines": [82, 84], "summary": {"covered_lines": 2, "num_statements": 5, "percent_covered": 40.0, "percent_covered_display": "40", "missing_lines": 3, "excluded_lines": 0, "percent_statements_covered": 40.0, "percent_statements_covered_display": "40"}, "missing_lines": [85, 86, 87], "excluded_lines": [], "start_line": 80}, "compute_7d_moving_avg": {"executed_lines": [99, 100, 101, 102, 103], "summary": {"covered_lines": 5, "num_statements": 5, "percent_covered": 100.0, "percent_covered_display": "100", "missing_lines": 0, "excluded_lines": 0, "percent_statements_covered": 100.0, "percent_statements_covered_display": "100"}, "missing_lines": [], "excluded_lines": [], "start_line": 93}, "aggregate_by_period": {"executed_lines": [115, 117, 118, 120, 121, 122, 123, 124, 125, 127, 128, 129, 130, 131], "summary": {"covered_lines": 14, "num_statements": 14, "percent_covered": 100.0, "percent_covered_display": "100", "missing_lines": 0, "excluded_lines": 0, "percent_statements_covered": 100.0, "percent_statements_covered_display": "100"}, "missing_lines": [], "excluded_lines": [], "start_line": 109}, "zero_fill_date_range": {"executed_lines": [151, 152, 153, 154, 156, 158, 159, 160, 161, 162, 163, 164, 165], "summary": {"covered_lines": 13, "num_statements": 14, "percent_covered": 92.85714285714286, "percent_covered_display": "93", "missing_lines": 1, "excluded_lines": 0, "percent_statements_covered": 92.85714285714286, "percent_statements_covered_display": "93"}, "missing_lines": [155], "excluded_lines": [], "start_line": 137}, "build_7d_revenue_series": {"executed_lines": [174, 175, 177], "summary": {"covered_lines": 3, "num_statements": 3, "percent_covered": 100.0, "percent_covered_display": "100", "missing_lines": 0, "excluded_lines": 0, "percent_statements_covered": 100.0, "percent_statements_covered_display": "100"}, "missing_lines": [], "excluded_lines": [], "start_line": 168}, "": {"executed_lines": [5, 7, 8, 9, 10, 12, 17, 27, 71, 80, 93, 109, 137, 168], "summary": {"covered_lines": 14, "num_statements": 14, "percent_covered": 100.0, "percent_covered_display": "100", "missing_lines": 0, "excluded_lines": 0, "percent_statements_covered": 100.0, "percent_statements_covered_display": "100"}, "missing_lines": [], "excluded_lines": [], "start_line": 1}}, "classes": {"": {"executed_lines": [5, 7, 8, 9, 10, 12, 17, 27, 34, 35, 36, 37, 39, 40, 63, 65, 71, 72, 73, 74, 75, 80, 82, 84, 93, 99, 100, 101, 102, 103, 109, 115, 117, 118, 120, 121, 122, 123, 124, 125, 127, 128, 129, 130, 131, 137, 151, 152, 153, 154, 156, 158, 159, 160, 161, 162, 163, 164, 165, 168, 174, 175, 177], "summary": {"covered_lines": 63, "num_statements": 94, "percent_covered": 67.02127659574468, "percent_covered_display": "67", "missing_lines": 31, "excluded_lines": 0, "percent_statements_covered": 67.02127659574468, "percent_statements_covered_display": "67"}, "missing_lines": [18, 19, 21, 22, 23, 24, 41, 42, 43, 44, 45, 46, 47, 48, 50, 51, 52, 53, 54, 55, 57, 58, 59, 60, 61, 76, 77, 85, 86, 87, 155], "excluded_lines": [], "start_line": 1}}}, "app\\analytics\\routes.py": {"executed_lines": [12, 14, 15, 16, 18, 19, 21, 22, 23, 25, 35, 40, 42, 43, 44, 45, 48, 49, 55, 56, 57, 58, 59, 60, 61, 62, 64, 74, 84, 85, 87, 88, 94, 95, 96, 97, 98, 99, 100, 101, 103, 113, 114, 115, 116, 117, 118, 120, 125, 126, 132, 133, 134, 135, 136, 137, 138, 139, 140, 142, 143, 144, 150, 151, 153, 169, 180, 186, 187, 188, 189, 190, 191, 192, 194, 209, 210, 221, 227, 228, 229, 230, 231, 249, 250, 253, 254, 255, 256, 257, 258, 259, 261, 262, 276, 278, 279, 281, 282, 283, 284, 287, 288, 289, 291, 292, 293, 294, 295, 296, 297, 298, 299, 300, 302, 304, 305, 307, 310, 311, 312, 313, 315, 330, 337, 343, 344, 345, 346, 347, 389, 390, 391, 392, 393, 455, 456, 457, 458, 459, 465, 466, 470, 471, 473, 483, 486, 488, 489, 490, 492, 493, 494, 495, 496, 507, 518, 520, 521, 559, 560, 561, 562, 564, 565, 573, 574, 575, 577, 578, 580, 581, 590, 604, 605, 606, 607, 608, 614, 615, 616, 619, 629, 630, 631, 632, 633, 641, 642, 643, 645, 648, 649, 650, 652, 653, 663, 673, 674, 677, 689, 700, 712, 713, 723, 736, 741, 743, 759, 764, 765, 766, 768, 769, 776, 785, 786, 795, 796, 804], "summary": {"covered_lines": 220, "num_statements": 259, "percent_covered": 84.94208494208495, "percent_covered_display": "85", "missing_lines": 39, "excluded_lines": 0, "percent_statements_covered": 84.94208494208495, "percent_statements_covered_display": "85"}, "missing_lines": [121, 122, 123, 348, 349, 351, 371, 372, 373, 383, 394, 395, 397, 417, 436, 437, 438, 439, 449, 491, 523, 524, 525, 536, 537, 538, 540, 541, 542, 543, 545, 546, 547, 548, 550, 582, 583, 777, 787], "excluded_lines": [], "functions": {"_date_range": {"executed_lines": [42, 43, 44, 45], "summary": {"covered_lines": 4, "num_statements": 4, "percent_covered": 100.0, "percent_covered_display": "100", "missing_lines": 0, "excluded_lines": 0, "percent_statements_covered": 100.0, "percent_statements_covered_display": "100"}, "missing_lines": [], "excluded_lines": [], "start_line": 40}, "_store_id": {"executed_lines": [49], "summary": {"covered_lines": 1, "num_statements": 1, "percent_covered": 100.0, "percent_covered_display": "100", "missing_lines": 0, "excluded_lines": 0, "percent_statements_covered": 100.0, "percent_statements_covered_display": "100"}, "missing_lines": [], "excluded_lines": [], "start_line": 48}, "revenue": {"executed_lines": [60, 61, 62, 64, 74, 84, 85, 87, 88], "summary": {"covered_lines": 9, "num_statements": 9, "percent_covered": 100.0, "percent_covered_display": "100", "missing_lines": 0, "excluded_lines": 0, "percent_statements_covered": 100.0, "percent_statements_covered_display": "100"}, "missing_lines": [], "excluded_lines": [], "start_line": 59}, "profit": {"executed_lines": [99, 100, 101, 103, 113, 114, 115, 116, 117, 118, 120, 125, 126], "summary": {"covered_lines": 13, "num_statements": 16, "percent_covered": 81.25, "percent_covered_display": "81", "missing_lines": 3, "excluded_lines": 0, "percent_statements_covered": 81.25, "percent_statements_covered_display": "81"}, "missing_lines": [121, 122, 123], "excluded_lines": [], "start_line": 98}, "top_products": {"executed_lines": [137, 138, 139, 140, 142, 143, 144, 150, 151, 153, 169, 180], "summary": {"covered_lines": 12, "num_statements": 12, "percent_covered": 100.0, "percent_covered_display": "100", "missing_lines": 0, "excluded_lines": 0, "percent_statements_covered": 100.0, "percent_statements_covered_display": "100"}, "missing_lines": [], "excluded_lines": [], "start_line": 136}, "category_breakdown": {"executed_lines": [191, 192, 194, 209, 210, 221], "summary": {"covered_lines": 6, "num_statements": 6, "percent_covered": 100.0, "percent_covered_display": "100", "missing_lines": 0, "excluded_lines": 0, "percent_statements_covered": 100.0, "percent_statements_covered_display": "100"}, "missing_lines": [], "excluded_lines": [], "start_line": 190}, "contribution": {"executed_lines": [249, 250, 253, 254, 255, 256, 257, 258, 259, 261, 278, 279, 281, 282, 283, 284, 287, 288, 289, 291, 292, 293, 294, 295, 296, 297, 298, 299, 300, 302, 304, 305, 307, 310, 311, 312, 313, 315, 330, 337], "summary": {"covered_lines": 40, "num_statements": 40, "percent_covered": 100.0, "percent_covered_display": "100", "missing_lines": 0, "excluded_lines": 0, "percent_statements_covered": 100.0, "percent_statements_covered_display": "100"}, "missing_lines": [], "excluded_lines": [], "start_line": 231}, "contribution._sku_totals": {"executed_lines": [262, 276], "summary": {"covered_lines": 2, "num_statements": 2, "percent_covered": 100.0, "percent_covered_display": "100", "missing_lines": 0, "excluded_lines": 0, "percent_statements_covered": 100.0, "percent_statements_covered_display": "100"}, "missing_lines": [], "excluded_lines": [], "start_line": 261}, "payment_modes": {"executed_lines": [], "summary": {"covered_lines": 0, "num_statements": 7, "percent_covered": 0.0, "percent_covered_display": "0", "missing_lines": 7, "excluded_lines": 0, "percent_statements_covered": 0.0, "percent_statements_covered_display": "0"}, "missing_lines": [348, 349, 351, 371, 372, 373, 383], "excluded_lines": [], "start_line": 347}, "customers_summary": {"executed_lines": [], "summary": {"covered_lines": 0, "num_statements": 9, "percent_covered": 0.0, "percent_covered_display": "0", "missing_lines": 9, "excluded_lines": 0, "percent_statements_covered": 0.0, "percent_statements_covered_display": "0"}, "missing_lines": [394, 395, 397, 417, 436, 437, 438, 439, 449], "excluded_lines": [], "start_line": 393}, "diagnostics": {"executed_lines": [465, 466, 470, 471, 473, 483, 486, 488, 489, 490, 492, 493, 494, 495, 496, 507, 518, 520, 521, 559, 560, 561, 562, 564, 577, 578, 580, 581, 590], "summary": {"covered_lines": 29, "num_statements": 40, "percent_covered": 72.5, "percent_covered_display": "72", "missing_lines": 11, "excluded_lines": 0, "percent_statements_covered": 72.5, "percent_statements_covered_display": "72"}, "missing_lines": [491, 523, 524, 525, 536, 537, 538, 540, 550, 582, 583], "excluded_lines": [], "start_line": 459}, "diagnostics._cv": {"executed_lines": [], "summary": {"covered_lines": 0, "num_statements": 7, "percent_covered": 0.0, "percent_covered_display": "0", "missing_lines": 7, "excluded_lines": 0, "percent_statements_covered": 0.0, "percent_statements_covered_display": "0"}, "missing_lines": [541, 542, 543, 545, 546, 547, 548], "excluded_lines": [], "start_line": 540}, "diagnostics._avg_margin": {"executed_lines": [565, 573, 574, 575], "summary": {"covered_lines": 4, "num_statements": 4, "percent_covered": 100.0, "percent_covered_display": "100", "missing_lines": 0, "excluded_lines": 0, "percent_statements_covered": 100.0, "percent_statements_covered_display": "100"}, "missing_lines": [], "excluded_lines": [], "start_line": 564}, "dashboard": {"executed_lines": [614, 615, 616, 619, 629, 630, 631, 632, 633, 641, 642, 643, 645, 648, 649, 650, 652, 653, 663, 673, 674, 677, 689, 700, 712, 713, 723, 736, 741, 743], "summary": {"covered_lines": 30, "num_statements": 30, "percent_covered": 100.0, "percent_covered_display": "100", "missing_lines": 0, "excluded_lines": 0, "percent_statements_covered": 100.0, "percent_statements_covered_display": "100"}, "missing_lines": [], "excluded_lines": [], "start_line": 608}, "_generate_insight_stubs": {"executed_lines": [764, 765, 766, 768, 769, 776, 785, 786, 795, 796, 804], "summary": {"covered_lines": 11, "num_statements": 13, "percent_covered": 84.61538461538461, "percent_covered_display": "85", "missing_lines": 2, "excluded_lines": 0, "percent_statements_covered": 84.61538461538461, "percent_statements_covered_display": "85"}, "missing_lines": [777, 787], "excluded_lines": [], "start_line": 759}, "": {"executed_lines": [12, 14, 15, 16, 18, 19, 21, 22, 23, 25, 35, 40, 48, 55, 56, 57, 58, 59, 94, 95, 96, 97, 98, 132, 133, 134, 135, 136, 186, 187, 188, 189, 190, 227, 228, 229, 230, 231, 343, 344, 345, 346, 347, 389, 390, 391, 392, 393, 455, 456, 457, 458, 459, 604, 605, 606, 607, 608, 759], "summary": {"covered_lines": 59, "num_statements": 59, "percent_covered": 100.0, "percent_covered_display": "100", "missing_lines": 0, "excluded_lines": 0, "percent_statements_covered": 100.0, "percent_statements_covered_display": "100"}, "missing_lines": [], "excluded_lines": [], "start_line": 1}}, "classes": {"": {"executed_lines": [12, 14, 15, 16, 18, 19, 21, 22, 23, 25, 35, 40, 42, 43, 44, 45, 48, 49, 55, 56, 57, 58, 59, 60, 61, 62, 64, 74, 84, 85, 87, 88, 94, 95, 96, 97, 98, 99, 100, 101, 103, 113, 114, 115, 116, 117, 118, 120, 125, 126, 132, 133, 134, 135, 136, 137, 138, 139, 140, 142, 143, 144, 150, 151, 153, 169, 180, 186, 187, 188, 189, 190, 191, 192, 194, 209, 210, 221, 227, 228, 229, 230, 231, 249, 250, 253, 254, 255, 256, 257, 258, 259, 261, 262, 276, 278, 279, 281, 282, 283, 284, 287, 288, 289, 291, 292, 293, 294, 295, 296, 297, 298, 299, 300, 302, 304, 305, 307, 310, 311, 312, 313, 315, 330, 337, 343, 344, 345, 346, 347, 389, 390, 391, 392, 393, 455, 456, 457, 458, 459, 465, 466, 470, 471, 473, 483, 486, 488, 489, 490, 492, 493, 494, 495, 496, 507, 518, 520, 521, 559, 560, 561, 562, 564, 565, 573, 574, 575, 577, 578, 580, 581, 590, 604, 605, 606, 607, 608, 614, 615, 616, 619, 629, 630, 631, 632, 633, 641, 642, 643, 645, 648, 649, 650, 652, 653, 663, 673, 674, 677, 689, 700, 712, 713, 723, 736, 741, 743, 759, 764, 765, 766, 768, 769, 776, 785, 786, 795, 796, 804], "summary": {"covered_lines": 220, "num_statements": 259, "percent_covered": 84.94208494208495, "percent_covered_display": "85", "missing_lines": 39, "excluded_lines": 0, "percent_statements_covered": 84.94208494208495, "percent_statements_covered_display": "85"}, "missing_lines": [121, 122, 123, 348, 349, 351, 371, 372, 373, 383, 394, 395, 397, 417, 436, 437, 438, 439, 449, 491, 523, 524, 525, 536, 537, 538, 540, 541, 542, 543, 545, 546, 547, 548, 550, 582, 583, 777, 787], "excluded_lines": [], "start_line": 1}}}, "app\\api_v2\\__init__.py": {"executed_lines": [1, 3, 5], "summary": {"covered_lines": 3, "num_statements": 3, "percent_covered": 100.0, "percent_covered_display": "100", "missing_lines": 0, "excluded_lines": 0, "percent_statements_covered": 100.0, "percent_statements_covered_display": "100"}, "missing_lines": [], "excluded_lines": [], "functions": {"": {"executed_lines": [1, 3, 5], "summary": {"covered_lines": 3, "num_statements": 3, "percent_covered": 100.0, "percent_covered_display": "100", "missing_lines": 0, "excluded_lines": 0, "percent_statements_covered": 100.0, "percent_statements_covered_display": "100"}, "missing_lines": [], "excluded_lines": [], "start_line": 1}}, "classes": {"": {"executed_lines": [1, 3, 5], "summary": {"covered_lines": 3, "num_statements": 3, "percent_covered": 100.0, "percent_covered_display": "100", "missing_lines": 0, "excluded_lines": 0, "percent_statements_covered": 100.0, "percent_statements_covered_display": "100"}, "missing_lines": [], "excluded_lines": [], "start_line": 1}}}, "app\\api_v2\\routes.py": {"executed_lines": [1, 3, 4, 5, 6, 8, 11, 12, 13, 16, 17, 18, 20, 21, 24, 25, 40, 41, 42], "summary": {"covered_lines": 19, "num_statements": 25, "percent_covered": 76.0, "percent_covered_display": "76", "missing_lines": 6, "excluded_lines": 0, "percent_statements_covered": 76.0, "percent_statements_covered_display": "76"}, "missing_lines": [22, 44, 45, 46, 48, 55], "excluded_lines": [], "functions": {"after_api_request": {"executed_lines": [13], "summary": {"covered_lines": 1, "num_statements": 1, "percent_covered": 100.0, "percent_covered_display": "100", "missing_lines": 0, "excluded_lines": 0, "percent_statements_covered": 100.0, "percent_statements_covered_display": "100"}, "missing_lines": [], "excluded_lines": [], "start_line": 12}, "get_inventory": {"executed_lines": [20, 21, 24, 25], "summary": {"covered_lines": 4, "num_statements": 5, "percent_covered": 80.0, "percent_covered_display": "80", "missing_lines": 1, "excluded_lines": 0, "percent_statements_covered": 80.0, "percent_statements_covered_display": "80"}, "missing_lines": [22], "excluded_lines": [], "start_line": 18}, "get_sales": {"executed_lines": [], "summary": {"covered_lines": 0, "num_statements": 5, "percent_covered": 0.0, "percent_covered_display": "0", "missing_lines": 5, "excluded_lines": 0, "percent_statements_covered": 0.0, "percent_statements_covered_display": "0"}, "missing_lines": [44, 45, 46, 48, 55], "excluded_lines": [], "start_line": 42}, "": {"executed_lines": [1, 3, 4, 5, 6, 8, 11, 12, 16, 17, 18, 40, 41, 42], "summary": {"covered_lines": 14, "num_statements": 14, "percent_covered": 100.0, "percent_covered_display": "100", "missing_lines": 0, "excluded_lines": 0, "percent_statements_covered": 100.0, "percent_statements_covered_display": "100"}, "missing_lines": [], "excluded_lines": [], "start_line": 1}}, "classes": {"": {"executed_lines": [1, 3, 4, 5, 6, 8, 11, 12, 13, 16, 17, 18, 20, 21, 24, 25, 40, 41, 42], "summary": {"covered_lines": 19, "num_statements": 25, "percent_covered": 76.0, "percent_covered_display": "76", "missing_lines": 6, "excluded_lines": 0, "percent_statements_covered": 76.0, "percent_statements_covered_display": "76"}, "missing_lines": [22, 44, 45, 46, 48, 55], "excluded_lines": [], "start_line": 1}}}, "app\\auth\\__init__.py": {"executed_lines": [1, 3, 5], "summary": {"covered_lines": 3, "num_statements": 3, "percent_covered": 100.0, "percent_covered_display": "100", "missing_lines": 0, "excluded_lines": 0, "percent_statements_covered": 100.0, "percent_statements_covered_display": "100"}, "missing_lines": [], "excluded_lines": [], "functions": {"": {"executed_lines": [1, 3, 5], "summary": {"covered_lines": 3, "num_statements": 3, "percent_covered": 100.0, "percent_covered_display": "100", "missing_lines": 0, "excluded_lines": 0, "percent_statements_covered": 100.0, "percent_statements_covered_display": "100"}, "missing_lines": [], "excluded_lines": [], "start_line": 1}}, "classes": {"": {"executed_lines": [1, 3, 5], "summary": {"covered_lines": 3, "num_statements": 3, "percent_covered": 100.0, "percent_covered_display": "100", "missing_lines": 0, "excluded_lines": 0, "percent_statements_covered": 100.0, "percent_statements_covered_display": "100"}, "missing_lines": [], "excluded_lines": [], "start_line": 1}}}, "app\\auth\\decorators.py": {"executed_lines": [1, 3, 4, 6, 7, 9, 12, 13, 14, 15, 16, 17, 21, 22, 23, 25, 34, 44, 46, 49, 50, 51, 52, 53, 58, 59, 65, 67, 69, 72], "summary": {"covered_lines": 30, "num_statements": 50, "percent_covered": 60.0, "percent_covered_display": "60", "missing_lines": 20, "excluded_lines": 0, "percent_statements_covered": 60.0, "percent_statements_covered_display": "60"}, "missing_lines": [35, 36, 39, 41, 42, 54, 78, 79, 80, 81, 82, 86, 87, 88, 93, 96, 97, 106, 108, 110], "excluded_lines": [], "functions": {"require_auth": {"executed_lines": [14, 46], "summary": {"covered_lines": 2, "num_statements": 2, "percent_covered": 100.0, "percent_covered_display": "100", "missing_lines": 0, "excluded_lines": 0, "percent_statements_covered": 100.0, "percent_statements_covered_display": "100"}, "missing_lines": [], "excluded_lines": [], "start_line": 12}, "require_auth.decorated": {"executed_lines": [15, 16, 17, 21, 22, 23, 25, 34, 44], "summary": {"covered_lines": 9, "num_statements": 14, "percent_covered": 64.28571428571429, "percent_covered_display": "64", "missing_lines": 5, "excluded_lines": 0, "percent_statements_covered": 64.28571428571429, "percent_statements_covered_display": "64"}, "missing_lines": [35, 36, 39, 41, 42], "excluded_lines": [], "start_line": 14}, "require_role": {"executed_lines": [50, 51, 69], "summary": {"covered_lines": 3, "num_statements": 3, "percent_covered": 100.0, "percent_covered_display": "100", "missing_lines": 0, "excluded_lines": 0, "percent_statements_covered": 100.0, "percent_statements_covered_display": "100"}, "missing_lines": [], "excluded_lines": [], "start_line": 49}, "require_role.decorator": {"executed_lines": [52, 67], "summary": {"covered_lines": 2, "num_statements": 2, "percent_covered": 100.0, "percent_covered_display": "100", "missing_lines": 0, "excluded_lines": 0, "percent_statements_covered": 100.0, "percent_statements_covered_display": "100"}, "missing_lines": [], "excluded_lines": [], "start_line": 50}, "require_role.decorator.decorated_function": {"executed_lines": [53, 58, 59, 65], "summary": {"covered_lines": 4, "num_statements": 5, "percent_covered": 80.0, "percent_covered_display": "80", "missing_lines": 1, "excluded_lines": 0, "percent_statements_covered": 80.0, "percent_statements_covered_display": "80"}, "missing_lines": [54], "excluded_lines": [], "start_line": 52}, "require_permission": {"executed_lines": [], "summary": {"covered_lines": 0, "num_statements": 3, "percent_covered": 0.0, "percent_covered_display": "0", "missing_lines": 3, "excluded_lines": 0, "percent_statements_covered": 0.0, "percent_statements_covered_display": "0"}, "missing_lines": [78, 79, 110], "excluded_lines": [], "start_line": 72}, "require_permission.decorator": {"executed_lines": [], "summary": {"covered_lines": 0, "num_statements": 2, "percent_covered": 0.0, "percent_covered_display": "0", "missing_lines": 2, "excluded_lines": 0, "percent_statements_covered": 0.0, "percent_statements_covered_display": "0"}, "missing_lines": [80, 108], "excluded_lines": [], "start_line": 78}, "require_permission.decorator.decorated_function": {"executed_lines": [], "summary": {"covered_lines": 0, "num_statements": 9, "percent_covered": 0.0, "percent_covered_display": "0", "missing_lines": 9, "excluded_lines": 0, "percent_statements_covered": 0.0, "percent_statements_covered_display": "0"}, "missing_lines": [81, 82, 86, 87, 88, 93, 96, 97, 106], "excluded_lines": [], "start_line": 80}, "": {"executed_lines": [1, 3, 4, 6, 7, 9, 12, 13, 49, 72], "summary": {"covered_lines": 10, "num_statements": 10, "percent_covered": 100.0, "percent_covered_display": "100", "missing_lines": 0, "excluded_lines": 0, "percent_statements_covered": 100.0, "percent_statements_covered_display": "100"}, "missing_lines": [], "excluded_lines": [], "start_line": 1}}, "classes": {"": {"executed_lines": [1, 3, 4, 6, 7, 9, 12, 13, 14, 15, 16, 17, 21, 22, 23, 25, 34, 44, 46, 49, 50, 51, 52, 53, 58, 59, 65, 67, 69, 72], "summary": {"covered_lines": 30, "num_statements": 50, "percent_covered": 60.0, "percent_covered_display": "60", "missing_lines": 20, "excluded_lines": 0, "percent_statements_covered": 60.0, "percent_statements_covered_display": "60"}, "missing_lines": [35, 36, 39, 41, 42, 54, 78, 79, 80, 81, 82, 86, 87, 88, 93, 96, 97, 106, 108, 110], "excluded_lines": [], "start_line": 1}}}, "app\\auth\\oauth.py": {"executed_lines": [1, 2, 4, 5, 7, 8, 9, 12, 29, 51, 55, 56, 59, 67, 70, 71, 72, 77, 79, 81, 90, 116, 120, 122, 123, 126, 127, 129], "summary": {"covered_lines": 28, "num_statements": 56, "percent_covered": 50.0, "percent_covered_display": "50", "missing_lines": 28, "excluded_lines": 0, "percent_statements_covered": 50.0, "percent_statements_covered_display": "50"}, "missing_lines": [16, 17, 18, 24, 25, 26, 34, 35, 36, 38, 39, 41, 42, 44, 45, 94, 95, 96, 98, 99, 101, 102, 104, 105, 110, 111, 113, 124], "excluded_lines": [], "functions": {"generate_auth_code": {"executed_lines": [], "summary": {"covered_lines": 0, "num_statements": 6, "percent_covered": 0.0, "percent_covered_display": "0", "missing_lines": 6, "excluded_lines": 0, "percent_statements_covered": 0.0, "percent_statements_covered_display": "0"}, "missing_lines": [16, 17, 18, 24, 25, 26], "excluded_lines": [], "start_line": 12}, "verify_auth_code": {"executed_lines": [], "summary": {"covered_lines": 0, "num_statements": 9, "percent_covered": 0.0, "percent_covered_display": "0", "missing_lines": 9, "excluded_lines": 0, "percent_statements_covered": 0.0, "percent_statements_covered_display": "0"}, "missing_lines": [34, 35, 36, 38, 39, 41, 42, 44, 45], "excluded_lines": [], "start_line": 29}, "generate_oauth_tokens": {"executed_lines": [55, 56, 59, 67, 70, 71, 72, 77, 79, 81], "summary": {"covered_lines": 10, "num_statements": 10, "percent_covered": 100.0, "percent_covered_display": "100", "missing_lines": 0, "excluded_lines": 0, "percent_statements_covered": 100.0, "percent_statements_covered_display": "100"}, "missing_lines": [], "excluded_lines": [], "start_line": 51}, "refresh_oauth_token": {"executed_lines": [], "summary": {"covered_lines": 0, "num_statements": 12, "percent_covered": 0.0, "percent_covered_display": "0", "missing_lines": 12, "excluded_lines": 0, "percent_statements_covered": 0.0, "percent_statements_covered_display": "0"}, "missing_lines": [94, 95, 96, 98, 99, 101, 102, 104, 105, 110, 111, 113], "excluded_lines": [], "start_line": 90}, "verify_client_credentials": {"executed_lines": [120, 122, 123, 126, 127, 129], "summary": {"covered_lines": 6, "num_statements": 7, "percent_covered": 85.71428571428571, "percent_covered_display": "86", "missing_lines": 1, "excluded_lines": 0, "percent_statements_covered": 85.71428571428571, "percent_statements_covered_display": "86"}, "missing_lines": [124], "excluded_lines": [], "start_line": 116}, "": {"executed_lines": [1, 2, 4, 5, 7, 8, 9, 12, 29, 51, 90, 116], "summary": {"covered_lines": 12, "num_statements": 12, "percent_covered": 100.0, "percent_covered_display": "100", "missing_lines": 0, "excluded_lines": 0, "percent_statements_covered": 100.0, "percent_statements_covered_display": "100"}, "missing_lines": [], "excluded_lines": [], "start_line": 1}}, "classes": {"": {"executed_lines": [1, 2, 4, 5, 7, 8, 9, 12, 29, 51, 55, 56, 59, 67, 70, 71, 72, 77, 79, 81, 90, 116, 120, 122, 123, 126, 127, 129], "summary": {"covered_lines": 28, "num_statements": 56, "percent_covered": 50.0, "percent_covered_display": "50", "missing_lines": 28, "excluded_lines": 0, "percent_statements_covered": 50.0, "percent_statements_covered_display": "50"}, "missing_lines": [16, 17, 18, 24, 25, 26, 34, 35, 36, 38, 39, 41, 42, 44, 45, 94, 95, 96, 98, 99, 101, 102, 104, 105, 110, 111, 113, 124], "excluded_lines": [], "start_line": 1}}}, "app\\auth\\oauth_routes.py": {"executed_lines": [1, 2, 3, 5, 6, 7, 14, 15, 17, 20, 21, 22, 73, 74, 75, 79, 80, 81, 83, 87, 88, 89, 91, 103, 105, 106, 108, 109], "summary": {"covered_lines": 28, "num_statements": 67, "percent_covered": 41.791044776119406, "percent_covered_display": "42", "missing_lines": 39, "excluded_lines": 0, "percent_statements_covered": 41.791044776119406, "percent_statements_covered_display": "42"}, "missing_lines": [26, 27, 28, 29, 31, 32, 36, 37, 38, 44, 47, 57, 58, 59, 61, 62, 65, 66, 67, 68, 70, 84, 92, 93, 94, 96, 97, 98, 100, 101, 111, 112, 113, 114, 116, 117, 118, 120, 122], "excluded_lines": [], "functions": {"authorize": {"executed_lines": [], "summary": {"covered_lines": 0, "num_statements": 21, "percent_covered": 0.0, "percent_covered_display": "0", "missing_lines": 21, "excluded_lines": 0, "percent_statements_covered": 0.0, "percent_statements_covered_display": "0"}, "missing_lines": [26, 27, 28, 29, 31, 32, 36, 37, 38, 44, 47, 57, 58, 59, 61, 62, 65, 66, 67, 68, 70], "excluded_lines": [], "start_line": 22}, "token": {"executed_lines": [79, 80, 81, 83, 87, 88, 89, 91, 103, 105, 106, 108, 109], "summary": {"covered_lines": 13, "num_statements": 31, "percent_covered": 41.935483870967744, "percent_covered_display": "42", "missing_lines": 18, "excluded_lines": 0, "percent_statements_covered": 41.935483870967744, "percent_statements_covered_display": "42"}, "missing_lines": [84, 92, 93, 94, 96, 97, 98, 100, 101, 111, 112, 113, 114, 116, 117, 118, 120, 122], "excluded_lines": [], "start_line": 75}, "": {"executed_lines": [1, 2, 3, 5, 6, 7, 14, 15, 17, 20, 21, 22, 73, 74, 75], "summary": {"covered_lines": 15, "num_statements": 15, "percent_covered": 100.0, "percent_covered_display": "100", "missing_lines": 0, "excluded_lines": 0, "percent_statements_covered": 100.0, "percent_statements_covered_display": "100"}, "missing_lines": [], "excluded_lines": [], "start_line": 1}}, "classes": {"": {"executed_lines": [1, 2, 3, 5, 6, 7, 14, 15, 17, 20, 21, 22, 73, 74, 75, 79, 80, 81, 83, 87, 88, 89, 91, 103, 105, 106, 108, 109], "summary": {"covered_lines": 28, "num_statements": 67, "percent_covered": 41.791044776119406, "percent_covered_display": "42", "missing_lines": 39, "excluded_lines": 0, "percent_statements_covered": 41.791044776119406, "percent_statements_covered_display": "42"}, "missing_lines": [26, 27, 28, 29, 31, 32, 36, 37, 38, 44, 47, 57, 58, 59, 61, 62, 65, 66, 67, 68, 70, 84, 92, 93, 94, 96, 97, 98, 100, 101, 111, 112, 113, 114, 116, 117, 118, 120, 122], "excluded_lines": [], "start_line": 1}}}, "app\\auth\\routes.py": {"executed_lines": [1, 3, 4, 5, 7, 8, 9, 10, 15, 16, 17, 18, 30, 31, 32, 33, 34, 35, 36, 38, 39, 44, 46, 48, 56, 57, 59, 60, 61, 62, 63, 64, 66, 68, 70, 73, 74, 75, 76, 80, 81, 82, 83, 84, 85, 86, 87, 102, 103, 104, 105, 106, 110, 111, 116, 122, 127, 136, 137, 140, 141, 142, 144, 146, 158, 159, 160, 193, 194, 195, 216, 217, 218, 219, 223, 224, 226, 227, 231, 232, 236, 237, 238, 240, 243, 244, 245, 246, 248, 249, 255, 256, 257, 258, 259, 260, 262, 265, 266, 267, 268, 272, 273, 274, 276, 279, 280], "summary": {"covered_lines": 107, "num_statements": 171, "percent_covered": 62.57309941520468, "percent_covered_display": "63", "missing_lines": 64, "excluded_lines": 0, "percent_statements_covered": 62.57309941520468, "percent_statements_covered_display": "63"}, "missing_lines": [40, 77, 78, 97, 99, 107, 108, 112, 117, 118, 123, 124, 128, 129, 130, 132, 133, 134, 161, 163, 164, 167, 168, 169, 170, 174, 175, 177, 178, 179, 181, 183, 196, 198, 199, 201, 202, 204, 205, 207, 208, 209, 210, 211, 213, 220, 221, 233, 269, 270, 281, 282, 283, 284, 286, 287, 288, 292, 293, 294, 296, 297, 298, 300], "excluded_lines": [], "functions": {"register": {"executed_lines": [33, 34, 35, 36, 38, 39, 44, 46, 48, 56, 57, 59, 60, 61, 62, 63, 64, 66, 68, 70], "summary": {"covered_lines": 20, "num_statements": 21, "percent_covered": 95.23809523809524, "percent_covered_display": "95", "missing_lines": 1, "excluded_lines": 0, "percent_statements_covered": 95.23809523809524, "percent_statements_covered_display": "95"}, "missing_lines": [40], "excluded_lines": [], "start_line": 32}, "verify_otp_endpoint": {"executed_lines": [75, 76, 80, 81, 82, 83, 84, 85, 86, 87], "summary": {"covered_lines": 10, "num_statements": 14, "percent_covered": 71.42857142857143, "percent_covered_display": "71", "missing_lines": 4, "excluded_lines": 0, "percent_statements_covered": 71.42857142857143, "percent_statements_covered_display": "71"}, "missing_lines": [77, 78, 97, 99], "excluded_lines": [], "start_line": 74}, "login": {"executed_lines": [105, 106, 110, 111, 116, 122, 127, 136, 137, 140, 141, 142, 144, 146], "summary": {"covered_lines": 14, "num_statements": 27, "percent_covered": 51.851851851851855, "percent_covered_display": "52", "missing_lines": 13, "excluded_lines": 0, "percent_statements_covered": 51.851851851851855, "percent_statements_covered_display": "52"}, "missing_lines": [107, 108, 112, 117, 118, 123, 124, 128, 129, 130, 132, 133, 134], "excluded_lines": [], "start_line": 104}, "mfa_setup": {"executed_lines": [], "summary": {"covered_lines": 0, "num_statements": 14, "percent_covered": 0.0, "percent_covered_display": "0", "missing_lines": 14, "excluded_lines": 0, "percent_statements_covered": 0.0, "percent_statements_covered_display": "0"}, "missing_lines": [161, 163, 164, 167, 168, 169, 170, 174, 175, 177, 178, 179, 181, 183], "excluded_lines": [], "start_line": 160}, "mfa_verify": {"executed_lines": [], "summary": {"covered_lines": 0, "num_statements": 13, "percent_covered": 0.0, "percent_covered_display": "0", "missing_lines": 13, "excluded_lines": 0, "percent_statements_covered": 0.0, "percent_statements_covered_display": "0"}, "missing_lines": [196, 198, 199, 201, 202, 204, 205, 207, 208, 209, 210, 211, 213], "excluded_lines": [], "start_line": 195}, "refresh": {"executed_lines": [218, 219, 223, 224, 226, 227, 231, 232, 236, 237, 238, 240], "summary": {"covered_lines": 12, "num_statements": 15, "percent_covered": 80.0, "percent_covered_display": "80", "missing_lines": 3, "excluded_lines": 0, "percent_statements_covered": 80.0, "percent_statements_covered_display": "80"}, "missing_lines": [220, 221, 233], "excluded_lines": [], "start_line": 217}, "logout": {"executed_lines": [246, 248, 249, 255, 256, 257, 258, 259, 260, 262], "summary": {"covered_lines": 10, "num_statements": 10, "percent_covered": 100.0, "percent_covered_display": "100", "missing_lines": 0, "excluded_lines": 0, "percent_statements_covered": 100.0, "percent_statements_covered_display": "100"}, "missing_lines": [], "excluded_lines": [], "start_line": 245}, "forgot_password": {"executed_lines": [267, 268, 272, 273, 274, 276], "summary": {"covered_lines": 6, "num_statements": 8, "percent_covered": 75.0, "percent_covered_display": "75", "missing_lines": 2, "excluded_lines": 0, "percent_statements_covered": 75.0, "percent_statements_covered_display": "75"}, "missing_lines": [269, 270], "excluded_lines": [], "start_line": 266}, "reset_password": {"executed_lines": [], "summary": {"covered_lines": 0, "num_statements": 14, "percent_covered": 0.0, "percent_covered_display": "0", "missing_lines": 14, "excluded_lines": 0, "percent_statements_covered": 0.0, "percent_statements_covered_display": "0"}, "missing_lines": [281, 282, 283, 284, 286, 287, 288, 292, 293, 294, 296, 297, 298, 300], "excluded_lines": [], "start_line": 280}, "": {"executed_lines": [1, 3, 4, 5, 7, 8, 9, 10, 15, 16, 17, 18, 30, 31, 32, 73, 74, 102, 103, 104, 158, 159, 160, 193, 194, 195, 216, 217, 243, 244, 245, 265, 266, 279, 280], "summary": {"covered_lines": 35, "num_statements": 35, "percent_covered": 100.0, "percent_covered_display": "100", "missing_lines": 0, "excluded_lines": 0, "percent_statements_covered": 100.0, "percent_statements_covered_display": "100"}, "missing_lines": [], "excluded_lines": [], "start_line": 1}}, "classes": {"": {"executed_lines": [1, 3, 4, 5, 7, 8, 9, 10, 15, 16, 17, 18, 30, 31, 32, 33, 34, 35, 36, 38, 39, 44, 46, 48, 56, 57, 59, 60, 61, 62, 63, 64, 66, 68, 70, 73, 74, 75, 76, 80, 81, 82, 83, 84, 85, 86, 87, 102, 103, 104, 105, 106, 110, 111, 116, 122, 127, 136, 137, 140, 141, 142, 144, 146, 158, 159, 160, 193, 194, 195, 216, 217, 218, 219, 223, 224, 226, 227, 231, 232, 236, 237, 238, 240, 243, 244, 245, 246, 248, 249, 255, 256, 257, 258, 259, 260, 262, 265, 266, 267, 268, 272, 273, 274, 276, 279, 280], "summary": {"covered_lines": 107, "num_statements": 171, "percent_covered": 62.57309941520468, "percent_covered_display": "63", "missing_lines": 64, "excluded_lines": 0, "percent_statements_covered": 62.57309941520468, "percent_statements_covered_display": "63"}, "missing_lines": [40, 77, 78, 97, 99, 107, 108, 112, 117, 118, 123, 124, 128, 129, 130, 132, 133, 134, 161, 163, 164, 167, 168, 169, 170, 174, 175, 177, 178, 179, 181, 183, 196, 198, 199, 201, 202, 204, 205, 207, 208, 209, 210, 211, 213, 220, 221, 233, 269, 270, 281, 282, 283, 284, 286, 287, 288, 292, 293, 294, 296, 297, 298, 300], "excluded_lines": [], "start_line": 1}}}, "app\\auth\\schemas.py": {"executed_lines": [1, 4, 5, 6, 7, 8, 9, 10, 15, 16, 17, 18, 21, 22, 25, 26, 29, 30, 31, 34, 35, 38, 39, 42, 43, 44, 47, 49, 52, 53, 54, 55, 56], "summary": {"covered_lines": 33, "num_statements": 33, "percent_covered": 100.0, "percent_covered_display": "100", "missing_lines": 0, "excluded_lines": 0, "percent_statements_covered": 100.0, "percent_statements_covered_display": "100"}, "missing_lines": [], "excluded_lines": [], "functions": {"": {"executed_lines": [1, 4, 5, 6, 7, 8, 9, 10, 15, 16, 17, 18, 21, 22, 25, 26, 29, 30, 31, 34, 35, 38, 39, 42, 43, 44, 47, 49, 52, 53, 54, 55, 56], "summary": {"covered_lines": 33, "num_statements": 33, "percent_covered": 100.0, "percent_covered_display": "100", "missing_lines": 0, "excluded_lines": 0, "percent_statements_covered": 100.0, "percent_statements_covered_display": "100"}, "missing_lines": [], "excluded_lines": [], "start_line": 1}}, "classes": {"RegisterSchema": {"executed_lines": [], "summary": {"covered_lines": 0, "num_statements": 0, "percent_covered": 100.0, "percent_covered_display": "100", "missing_lines": 0, "excluded_lines": 0, "percent_statements_covered": 100.0, "percent_statements_covered_display": "100"}, "missing_lines": [], "excluded_lines": [], "start_line": 4}, "LoginSchema": {"executed_lines": [], "summary": {"covered_lines": 0, "num_statements": 0, "percent_covered": 100.0, "percent_covered_display": "100", "missing_lines": 0, "excluded_lines": 0, "percent_statements_covered": 100.0, "percent_statements_covered_display": "100"}, "missing_lines": [], "excluded_lines": [], "start_line": 15}, "MfaSetupSchema": {"executed_lines": [], "summary": {"covered_lines": 0, "num_statements": 0, "percent_covered": 100.0, "percent_covered_display": "100", "missing_lines": 0, "excluded_lines": 0, "percent_statements_covered": 100.0, "percent_statements_covered_display": "100"}, "missing_lines": [], "excluded_lines": [], "start_line": 21}, "MfaVerifySchema": {"executed_lines": [], "summary": {"covered_lines": 0, "num_statements": 0, "percent_covered": 100.0, "percent_covered_display": "100", "missing_lines": 0, "excluded_lines": 0, "percent_statements_covered": 100.0, "percent_statements_covered_display": "100"}, "missing_lines": [], "excluded_lines": [], "start_line": 25}, "OTPSchema": {"executed_lines": [], "summary": {"covered_lines": 0, "num_statements": 0, "percent_covered": 100.0, "percent_covered_display": "100", "missing_lines": 0, "excluded_lines": 0, "percent_statements_covered": 100.0, "percent_statements_covered_display": "100"}, "missing_lines": [], "excluded_lines": [], "start_line": 29}, "RefreshSchema": {"executed_lines": [], "summary": {"covered_lines": 0, "num_statements": 0, "percent_covered": 100.0, "percent_covered_display": "100", "missing_lines": 0, "excluded_lines": 0, "percent_statements_covered": 100.0, "percent_statements_covered_display": "100"}, "missing_lines": [], "excluded_lines": [], "start_line": 34}, "ForgotPasswordSchema": {"executed_lines": [], "summary": {"covered_lines": 0, "num_statements": 0, "percent_covered": 100.0, "percent_covered_display": "100", "missing_lines": 0, "excluded_lines": 0, "percent_statements_covered": 100.0, "percent_statements_covered_display": "100"}, "missing_lines": [], "excluded_lines": [], "start_line": 38}, "ResetPasswordSchema": {"executed_lines": [], "summary": {"covered_lines": 0, "num_statements": 0, "percent_covered": 100.0, "percent_covered_display": "100", "missing_lines": 0, "excluded_lines": 0, "percent_statements_covered": 100.0, "percent_statements_covered_display": "100"}, "missing_lines": [], "excluded_lines": [], "start_line": 42}, "TeamInviteSchema": {"executed_lines": [], "summary": {"covered_lines": 0, "num_statements": 0, "percent_covered": 100.0, "percent_covered_display": "100", "missing_lines": 0, "excluded_lines": 0, "percent_statements_covered": 100.0, "percent_statements_covered_display": "100"}, "missing_lines": [], "excluded_lines": [], "start_line": 47}, "TeamJoinSchema": {"executed_lines": [], "summary": {"covered_lines": 0, "num_statements": 0, "percent_covered": 100.0, "percent_covered_display": "100", "missing_lines": 0, "excluded_lines": 0, "percent_statements_covered": 100.0, "percent_statements_covered_display": "100"}, "missing_lines": [], "excluded_lines": [], "start_line": 52}, "": {"executed_lines": [1, 4, 5, 6, 7, 8, 9, 10, 15, 16, 17, 18, 21, 22, 25, 26, 29, 30, 31, 34, 35, 38, 39, 42, 43, 44, 47, 49, 52, 53, 54, 55, 56], "summary": {"covered_lines": 33, "num_statements": 33, "percent_covered": 100.0, "percent_covered_display": "100", "missing_lines": 0, "excluded_lines": 0, "percent_statements_covered": 100.0, "percent_statements_covered_display": "100"}, "missing_lines": [], "excluded_lines": [], "start_line": 1}}}, "app\\auth\\utils.py": {"executed_lines": [1, 2, 3, 4, 6, 7, 8, 11, 16, 25, 30, 31, 32, 34, 35, 36, 45, 46, 47, 48, 50, 53, 54, 55, 57, 58, 61, 68, 70, 71, 73, 75, 76, 80, 83, 84, 85, 86, 87, 88, 89, 93, 100, 102, 103, 105, 107, 108, 112, 115, 123], "summary": {"covered_lines": 51, "num_statements": 65, "percent_covered": 78.46153846153847, "percent_covered_display": "78", "missing_lines": 14, "excluded_lines": 0, "percent_statements_covered": 78.46153846153847, "percent_statements_covered_display": "78"}, "missing_lines": [26, 27, 78, 90, 110, 116, 117, 118, 119, 120, 124, 125, 127, 128], "excluded_lines": [], "functions": {"format_response": {"executed_lines": [16], "summary": {"covered_lines": 1, "num_statements": 1, "percent_covered": 100.0, "percent_covered_display": "100", "missing_lines": 0, "excluded_lines": 0, "percent_statements_covered": 100.0, "percent_statements_covered_display": "100"}, "missing_lines": [], "excluded_lines": [], "start_line": 11}, "get_redis_client": {"executed_lines": [], "summary": {"covered_lines": 0, "num_statements": 2, "percent_covered": 0.0, "percent_covered_display": "0", "missing_lines": 2, "excluded_lines": 0, "percent_statements_covered": 0.0, "percent_statements_covered_display": "0"}, "missing_lines": [26, 27], "excluded_lines": [], "start_line": 25}, "generate_access_token": {"executed_lines": [31, 32, 34, 35, 36, 45, 46, 47, 48, 50], "summary": {"covered_lines": 10, "num_statements": 10, "percent_covered": 100.0, "percent_covered_display": "100", "missing_lines": 0, "excluded_lines": 0, "percent_statements_covered": 100.0, "percent_statements_covered_display": "100"}, "missing_lines": [], "excluded_lines": [], "start_line": 30}, "generate_refresh_token": {"executed_lines": [54, 55, 57, 58], "summary": {"covered_lines": 4, "num_statements": 4, "percent_covered": 100.0, "percent_covered_display": "100", "missing_lines": 0, "excluded_lines": 0, "percent_statements_covered": 100.0, "percent_statements_covered_display": "100"}, "missing_lines": [], "excluded_lines": [], "start_line": 53}, "generate_otp": {"executed_lines": [68, 70, 71, 73, 75, 76, 80], "summary": {"covered_lines": 7, "num_statements": 8, "percent_covered": 87.5, "percent_covered_display": "88", "missing_lines": 1, "excluded_lines": 0, "percent_statements_covered": 87.5, "percent_statements_covered_display": "88"}, "missing_lines": [78], "excluded_lines": [], "start_line": 61}, "verify_otp": {"executed_lines": [84, 85, 86, 87, 88, 89], "summary": {"covered_lines": 6, "num_statements": 7, "percent_covered": 85.71428571428571, "percent_covered_display": "86", "missing_lines": 1, "excluded_lines": 0, "percent_statements_covered": 85.71428571428571, "percent_statements_covered_display": "86"}, "missing_lines": [90], "excluded_lines": [], "start_line": 83}, "generate_reset_token": {"executed_lines": [100, 102, 103, 105, 107, 108, 112], "summary": {"covered_lines": 7, "num_statements": 8, "percent_covered": 87.5, "percent_covered_display": "88", "missing_lines": 1, "excluded_lines": 0, "percent_statements_covered": 87.5, "percent_statements_covered_display": "88"}, "missing_lines": [110], "excluded_lines": [], "start_line": 93}, "verify_reset_token": {"executed_lines": [], "summary": {"covered_lines": 0, "num_statements": 5, "percent_covered": 0.0, "percent_covered_display": "0", "missing_lines": 5, "excluded_lines": 0, "percent_statements_covered": 0.0, "percent_statements_covered_display": "0"}, "missing_lines": [116, 117, 118, 119, 120], "excluded_lines": [], "start_line": 115}, "generate_team_invite": {"executed_lines": [], "summary": {"covered_lines": 0, "num_statements": 4, "percent_covered": 0.0, "percent_covered_display": "0", "missing_lines": 4, "excluded_lines": 0, "percent_statements_covered": 0.0, "percent_statements_covered_display": "0"}, "missing_lines": [124, 125, 127, 128], "excluded_lines": [], "start_line": 123}, "": {"executed_lines": [1, 2, 3, 4, 6, 7, 8, 11, 25, 30, 53, 61, 83, 93, 115, 123], "summary": {"covered_lines": 16, "num_statements": 16, "percent_covered": 100.0, "percent_covered_display": "100", "missing_lines": 0, "excluded_lines": 0, "percent_statements_covered": 100.0, "percent_statements_covered_display": "100"}, "missing_lines": [], "excluded_lines": [], "start_line": 1}}, "classes": {"": {"executed_lines": [1, 2, 3, 4, 6, 7, 8, 11, 16, 25, 30, 31, 32, 34, 35, 36, 45, 46, 47, 48, 50, 53, 54, 55, 57, 58, 61, 68, 70, 71, 73, 75, 76, 80, 83, 84, 85, 86, 87, 88, 89, 93, 100, 102, 103, 105, 107, 108, 112, 115, 123], "summary": {"covered_lines": 51, "num_statements": 65, "percent_covered": 78.46153846153847, "percent_covered_display": "78", "missing_lines": 14, "excluded_lines": 0, "percent_statements_covered": 78.46153846153847, "percent_statements_covered_display": "78"}, "missing_lines": [26, 27, 78, 90, 110, 116, 117, 118, 119, 120, 124, 125, 127, 128], "excluded_lines": [], "start_line": 1}}}, "app\\chain\\__init__.py": {"executed_lines": [1, 3, 5], "summary": {"covered_lines": 3, "num_statements": 3, "percent_covered": 100.0, "percent_covered_display": "100", "missing_lines": 0, "excluded_lines": 0, "percent_statements_covered": 100.0, "percent_statements_covered_display": "100"}, "missing_lines": [], "excluded_lines": [], "functions": {"": {"executed_lines": [1, 3, 5], "summary": {"covered_lines": 3, "num_statements": 3, "percent_covered": 100.0, "percent_covered_display": "100", "missing_lines": 0, "excluded_lines": 0, "percent_statements_covered": 100.0, "percent_statements_covered_display": "100"}, "missing_lines": [], "excluded_lines": [], "start_line": 1}}, "classes": {"": {"executed_lines": [1, 3, 5], "summary": {"covered_lines": 3, "num_statements": 3, "percent_covered": 100.0, "percent_covered_display": "100", "missing_lines": 0, "excluded_lines": 0, "percent_statements_covered": 100.0, "percent_statements_covered_display": "100"}, "missing_lines": [], "excluded_lines": [], "start_line": 1}}}, "app\\chain\\routes.py": {"executed_lines": [1, 2, 3, 5, 6, 7, 9, 10, 11, 12, 13, 23, 26, 27, 28, 29, 30, 31, 33, 36, 37, 38, 58, 59, 60, 61, 62, 65, 66, 70, 71, 74, 75, 79, 80, 83, 84, 85, 87, 90, 91, 92, 93, 94, 95, 97, 98, 100, 114, 120, 122, 123, 124, 125, 126, 128, 138, 139, 140, 142, 143, 155, 168, 169, 170, 171, 172, 173, 175, 176, 178, 181, 183, 184, 186, 190, 205, 207, 208, 209, 210, 212, 214, 216, 219, 221, 230, 233, 234, 235, 236, 255, 256, 257, 258], "summary": {"covered_lines": 95, "num_statements": 130, "percent_covered": 73.07692307692308, "percent_covered_display": "73", "missing_lines": 35, "excluded_lines": 0, "percent_statements_covered": 73.07692307692308, "percent_statements_covered_display": "73"}, "missing_lines": [39, 40, 41, 42, 44, 47, 48, 49, 51, 52, 53, 55, 63, 67, 68, 76, 81, 101, 177, 179, 187, 213, 215, 217, 237, 238, 239, 252, 259, 261, 262, 263, 265, 266, 268], "excluded_lines": [], "functions": {"require_chain_owner": {"executed_lines": [28, 33], "summary": {"covered_lines": 2, "num_statements": 2, "percent_covered": 100.0, "percent_covered_display": "100", "missing_lines": 0, "excluded_lines": 0, "percent_statements_covered": 100.0, "percent_statements_covered_display": "100"}, "missing_lines": [], "excluded_lines": [], "start_line": 26}, "require_chain_owner.decorated": {"executed_lines": [29, 30, 31], "summary": {"covered_lines": 3, "num_statements": 3, "percent_covered": 100.0, "percent_covered_display": "100", "missing_lines": 0, "excluded_lines": 0, "percent_statements_covered": 100.0, "percent_statements_covered_display": "100"}, "missing_lines": [], "excluded_lines": [], "start_line": 28}, "create_group": {"executed_lines": [], "summary": {"covered_lines": 0, "num_statements": 12, "percent_covered": 0.0, "percent_covered_display": "0", "missing_lines": 12, "excluded_lines": 0, "percent_statements_covered": 0.0, "percent_statements_covered_display": "0"}, "missing_lines": [39, 40, 41, 42, 44, 47, 48, 49, 51, 52, 53, 55], "excluded_lines": [], "start_line": 38}, "add_store_to_group": {"executed_lines": [62, 65, 66, 70, 71, 74, 75, 79, 80, 83, 84, 85, 87], "summary": {"covered_lines": 13, "num_statements": 18, "percent_covered": 72.22222222222223, "percent_covered_display": "72", "missing_lines": 5, "excluded_lines": 0, "percent_statements_covered": 72.22222222222223, "percent_statements_covered_display": "72"}, "missing_lines": [63, 67, 68, 76, 81], "excluded_lines": [], "start_line": 61}, "chain_dashboard": {"executed_lines": [94, 95, 97, 98, 100, 114, 120, 122, 123, 124, 125, 126, 128, 138, 139, 140, 142, 143, 155], "summary": {"covered_lines": 19, "num_statements": 20, "percent_covered": 95.0, "percent_covered_display": "95", "missing_lines": 1, "excluded_lines": 0, "percent_statements_covered": 95.0, "percent_statements_covered_display": "95"}, "missing_lines": [101], "excluded_lines": [], "start_line": 93}, "evaluate_chain_comparison": {"executed_lines": [172, 173, 175, 176, 178, 181, 183, 184, 186, 190, 205, 207, 208, 209, 210, 212, 214, 216, 219, 221, 230], "summary": {"covered_lines": 21, "num_statements": 27, "percent_covered": 77.77777777777777, "percent_covered_display": "78", "missing_lines": 6, "excluded_lines": 0, "percent_statements_covered": 77.77777777777777, "percent_statements_covered_display": "78"}, "missing_lines": [177, 179, 187, 213, 215, 217], "excluded_lines": [], "start_line": 171}, "get_transfers": {"executed_lines": [], "summary": {"covered_lines": 0, "num_statements": 4, "percent_covered": 0.0, "percent_covered_display": "0", "missing_lines": 4, "excluded_lines": 0, "percent_statements_covered": 0.0, "percent_statements_covered_display": "0"}, "missing_lines": [237, 238, 239, 252], "excluded_lines": [], "start_line": 236}, "confirm_transfer": {"executed_lines": [], "summary": {"covered_lines": 0, "num_statements": 7, "percent_covered": 0.0, "percent_covered_display": "0", "missing_lines": 7, "excluded_lines": 0, "percent_statements_covered": 0.0, "percent_statements_covered_display": "0"}, "missing_lines": [259, 261, 262, 263, 265, 266, 268], "excluded_lines": [], "start_line": 258}, "": {"executed_lines": [1, 2, 3, 5, 6, 7, 9, 10, 11, 12, 13, 23, 26, 27, 36, 37, 38, 58, 59, 60, 61, 90, 91, 92, 93, 168, 169, 170, 171, 233, 234, 235, 236, 255, 256, 257, 258], "summary": {"covered_lines": 37, "num_statements": 37, "percent_covered": 100.0, "percent_covered_display": "100", "missing_lines": 0, "excluded_lines": 0, "percent_statements_covered": 100.0, "percent_statements_covered_display": "100"}, "missing_lines": [], "excluded_lines": [], "start_line": 1}}, "classes": {"": {"executed_lines": [1, 2, 3, 5, 6, 7, 9, 10, 11, 12, 13, 23, 26, 27, 28, 29, 30, 31, 33, 36, 37, 38, 58, 59, 60, 61, 62, 65, 66, 70, 71, 74, 75, 79, 80, 83, 84, 85, 87, 90, 91, 92, 93, 94, 95, 97, 98, 100, 114, 120, 122, 123, 124, 125, 126, 128, 138, 139, 140, 142, 143, 155, 168, 169, 170, 171, 172, 173, 175, 176, 178, 181, 183, 184, 186, 190, 205, 207, 208, 209, 210, 212, 214, 216, 219, 221, 230, 233, 234, 235, 236, 255, 256, 257, 258], "summary": {"covered_lines": 95, "num_statements": 130, "percent_covered": 73.07692307692308, "percent_covered_display": "73", "missing_lines": 35, "excluded_lines": 0, "percent_statements_covered": 73.07692307692308, "percent_statements_covered_display": "73"}, "missing_lines": [39, 40, 41, 42, 44, 47, 48, 49, 51, 52, 53, 55, 63, 67, 68, 76, 81, 101, 177, 179, 187, 213, 215, 217, 237, 238, 239, 252, 259, 261, 262, 263, 265, 266, 268], "excluded_lines": [], "start_line": 1}}}, "app\\chain\\schemas.py": {"executed_lines": [1, 4, 5, 8, 9, 10, 13, 14], "summary": {"covered_lines": 8, "num_statements": 8, "percent_covered": 100.0, "percent_covered_display": "100", "missing_lines": 0, "excluded_lines": 0, "percent_statements_covered": 100.0, "percent_statements_covered_display": "100"}, "missing_lines": [], "excluded_lines": [], "functions": {"": {"executed_lines": [1, 4, 5, 8, 9, 10, 13, 14], "summary": {"covered_lines": 8, "num_statements": 8, "percent_covered": 100.0, "percent_covered_display": "100", "missing_lines": 0, "excluded_lines": 0, "percent_statements_covered": 100.0, "percent_statements_covered_display": "100"}, "missing_lines": [], "excluded_lines": [], "start_line": 1}}, "classes": {"CreateStoreGroupSchema": {"executed_lines": [], "summary": {"covered_lines": 0, "num_statements": 0, "percent_covered": 100.0, "percent_covered_display": "100", "missing_lines": 0, "excluded_lines": 0, "percent_statements_covered": 100.0, "percent_statements_covered_display": "100"}, "missing_lines": [], "excluded_lines": [], "start_line": 4}, "AddStoreToGroupSchema": {"executed_lines": [], "summary": {"covered_lines": 0, "num_statements": 0, "percent_covered": 100.0, "percent_covered_display": "100", "missing_lines": 0, "excluded_lines": 0, "percent_statements_covered": 100.0, "percent_statements_covered_display": "100"}, "missing_lines": [], "excluded_lines": [], "start_line": 8}, "ConfirmTransferSchema": {"executed_lines": [], "summary": {"covered_lines": 0, "num_statements": 0, "percent_covered": 100.0, "percent_covered_display": "100", "missing_lines": 0, "excluded_lines": 0, "percent_statements_covered": 100.0, "percent_statements_covered_display": "100"}, "missing_lines": [], "excluded_lines": [], "start_line": 13}, "": {"executed_lines": [1, 4, 5, 8, 9, 10, 13, 14], "summary": {"covered_lines": 8, "num_statements": 8, "percent_covered": 100.0, "percent_covered_display": "100", "missing_lines": 0, "excluded_lines": 0, "percent_statements_covered": 100.0, "percent_statements_covered_display": "100"}, "missing_lines": [], "excluded_lines": [], "start_line": 1}}}, "app\\customers\\__init__.py": {"executed_lines": [1, 3, 5], "summary": {"covered_lines": 3, "num_statements": 3, "percent_covered": 100.0, "percent_covered_display": "100", "missing_lines": 0, "excluded_lines": 0, "percent_statements_covered": 100.0, "percent_statements_covered_display": "100"}, "missing_lines": [], "excluded_lines": [], "functions": {"": {"executed_lines": [1, 3, 5], "summary": {"covered_lines": 3, "num_statements": 3, "percent_covered": 100.0, "percent_covered_display": "100", "missing_lines": 0, "excluded_lines": 0, "percent_statements_covered": 100.0, "percent_statements_covered_display": "100"}, "missing_lines": [], "excluded_lines": [], "start_line": 1}}, "classes": {"": {"executed_lines": [1, 3, 5], "summary": {"covered_lines": 3, "num_statements": 3, "percent_covered": 100.0, "percent_covered_display": "100", "missing_lines": 0, "excluded_lines": 0, "percent_statements_covered": 100.0, "percent_statements_covered_display": "100"}, "missing_lines": [], "excluded_lines": [], "start_line": 1}}}, "app\\customers\\routes.py": {"executed_lines": [1, 2, 4, 5, 6, 8, 9, 10, 11, 12, 13, 20, 21, 35, 45, 46, 47, 49, 50, 51, 54, 60, 61, 72, 95, 98, 99, 101, 102, 103, 104, 114, 117, 118, 119, 124, 125, 128, 131, 143, 146, 160, 163, 186, 189, 191, 192, 204, 205, 207, 208, 210, 211, 213, 231, 232, 233, 234, 235, 236, 237, 238, 239, 240, 242, 244, 245, 246, 248, 250, 253, 254, 256, 263, 264, 265, 266, 268, 269, 270, 271, 274, 275, 276, 284, 296, 297, 298, 303, 311, 312, 313, 314, 315, 316, 317, 318, 321, 322, 323, 324, 325, 326, 329, 330, 335, 346, 347, 348, 350, 351, 356, 359, 360, 361, 362, 363, 364, 367, 368, 369, 370, 371, 372, 373, 375, 381, 383, 387, 396, 413, 414, 416, 426, 429, 430, 431, 432, 433, 434, 438, 456, 457, 458, 459, 462, 486, 491, 503, 504, 505, 506, 507, 508, 509, 511], "summary": {"covered_lines": 156, "num_statements": 184, "percent_covered": 84.78260869565217, "percent_covered_display": "85", "missing_lines": 28, "excluded_lines": 0, "percent_statements_covered": 84.78260869565217, "percent_statements_covered_display": "85"}, "missing_lines": [37, 96, 247, 249, 251, 299, 300, 301, 327, 331, 332, 336, 337, 338, 352, 353, 354, 365, 382, 384, 388, 397, 407, 408, 409, 410, 411, 435], "excluded_lines": [], "functions": {"_customer_to_dict": {"executed_lines": [21], "summary": {"covered_lines": 1, "num_statements": 1, "percent_covered": 100.0, "percent_covered_display": "100", "missing_lines": 0, "excluded_lines": 0, "percent_statements_covered": 100.0, "percent_statements_covered_display": "100"}, "missing_lines": [], "excluded_lines": [], "start_line": 20}, "_txn_total": {"executed_lines": [], "summary": {"covered_lines": 0, "num_statements": 1, "percent_covered": 0.0, "percent_covered_display": "0", "missing_lines": 1, "excluded_lines": 0, "percent_statements_covered": 0.0, "percent_statements_covered_display": "0"}, "missing_lines": [37], "excluded_lines": [], "start_line": 35}, "top_customers": {"executed_lines": [49, 50, 51, 54, 60, 61, 72, 95, 98, 99, 101, 102, 103, 104, 114], "summary": {"covered_lines": 15, "num_statements": 16, "percent_covered": 93.75, "percent_covered_display": "94", "missing_lines": 1, "excluded_lines": 0, "percent_statements_covered": 93.75, "percent_statements_covered_display": "94"}, "missing_lines": [96], "excluded_lines": [], "start_line": 47}, "analytics": {"executed_lines": [124, 125, 128, 131, 143, 146, 160, 163, 186, 189, 191, 210, 211, 213], "summary": {"covered_lines": 14, "num_statements": 14, "percent_covered": 100.0, "percent_covered_display": "100", "missing_lines": 0, "excluded_lines": 0, "percent_statements_covered": 100.0, "percent_statements_covered_display": "100"}, "missing_lines": [], "excluded_lines": [], "start_line": 119}, "analytics._month_revenue": {"executed_lines": [192, 204, 205, 207, 208], "summary": {"covered_lines": 5, "num_statements": 5, "percent_covered": 100.0, "percent_covered_display": "100", "missing_lines": 0, "excluded_lines": 0, "percent_statements_covered": 100.0, "percent_statements_covered_display": "100"}, "missing_lines": [], "excluded_lines": [], "start_line": 191}, "list_customers": {"executed_lines": [234, 235, 236, 237, 238, 239, 240, 242, 244, 245, 246, 248, 250, 253, 254, 256], "summary": {"covered_lines": 16, "num_statements": 19, "percent_covered": 84.21052631578948, "percent_covered_display": "84", "missing_lines": 3, "excluded_lines": 0, "percent_statements_covered": 84.21052631578948, "percent_statements_covered_display": "84"}, "missing_lines": [247, 249, 251], "excluded_lines": [], "start_line": 233}, "create_customer": {"executed_lines": [266, 268, 269, 270, 271, 274, 275, 276, 284, 296, 297, 298, 303], "summary": {"covered_lines": 13, "num_statements": 16, "percent_covered": 81.25, "percent_covered_display": "81", "missing_lines": 3, "excluded_lines": 0, "percent_statements_covered": 81.25, "percent_statements_covered_display": "81"}, "missing_lines": [299, 300, 301], "excluded_lines": [], "start_line": 265}, "get_customer": {"executed_lines": [314, 315, 316, 317, 318], "summary": {"covered_lines": 5, "num_statements": 5, "percent_covered": 100.0, "percent_covered_display": "100", "missing_lines": 0, "excluded_lines": 0, "percent_statements_covered": 100.0, "percent_statements_covered_display": "100"}, "missing_lines": [], "excluded_lines": [], "start_line": 313}, "update_customer": {"executed_lines": [324, 325, 326, 329, 330, 335, 346, 347, 348, 350, 351, 356], "summary": {"covered_lines": 12, "num_statements": 21, "percent_covered": 57.142857142857146, "percent_covered_display": "57", "missing_lines": 9, "excluded_lines": 0, "percent_statements_covered": 57.142857142857146, "percent_statements_covered_display": "57"}, "missing_lines": [327, 331, 332, 336, 337, 338, 352, 353, 354], "excluded_lines": [], "start_line": 323}, "customer_transactions": {"executed_lines": [362, 363, 364, 367, 368, 369, 370, 371, 372, 373, 375, 381, 383, 387, 396, 413, 414, 416, 426], "summary": {"covered_lines": 19, "num_statements": 29, "percent_covered": 65.51724137931035, "percent_covered_display": "66", "missing_lines": 10, "excluded_lines": 0, "percent_statements_covered": 65.51724137931035, "percent_statements_covered_display": "66"}, "missing_lines": [365, 382, 384, 388, 397, 407, 408, 409, 410, 411], "excluded_lines": [], "start_line": 361}, "customer_summary": {"executed_lines": [432, 433, 434, 438, 456, 457, 458, 459, 462, 486, 491, 503, 504, 505, 506, 507, 508, 509, 511], "summary": {"covered_lines": 19, "num_statements": 20, "percent_covered": 95.0, "percent_covered_display": "95", "missing_lines": 1, "excluded_lines": 0, "percent_statements_covered": 95.0, "percent_statements_covered_display": "95"}, "missing_lines": [435], "excluded_lines": [], "start_line": 431}, "": {"executed_lines": [1, 2, 4, 5, 6, 8, 9, 10, 11, 12, 13, 20, 35, 45, 46, 47, 117, 118, 119, 231, 232, 233, 263, 264, 265, 311, 312, 313, 321, 322, 323, 359, 360, 361, 429, 430, 431], "summary": {"covered_lines": 37, "num_statements": 37, "percent_covered": 100.0, "percent_covered_display": "100", "missing_lines": 0, "excluded_lines": 0, "percent_statements_covered": 100.0, "percent_statements_covered_display": "100"}, "missing_lines": [], "excluded_lines": [], "start_line": 1}}, "classes": {"": {"executed_lines": [1, 2, 4, 5, 6, 8, 9, 10, 11, 12, 13, 20, 21, 35, 45, 46, 47, 49, 50, 51, 54, 60, 61, 72, 95, 98, 99, 101, 102, 103, 104, 114, 117, 118, 119, 124, 125, 128, 131, 143, 146, 160, 163, 186, 189, 191, 192, 204, 205, 207, 208, 210, 211, 213, 231, 232, 233, 234, 235, 236, 237, 238, 239, 240, 242, 244, 245, 246, 248, 250, 253, 254, 256, 263, 264, 265, 266, 268, 269, 270, 271, 274, 275, 276, 284, 296, 297, 298, 303, 311, 312, 313, 314, 315, 316, 317, 318, 321, 322, 323, 324, 325, 326, 329, 330, 335, 346, 347, 348, 350, 351, 356, 359, 360, 361, 362, 363, 364, 367, 368, 369, 370, 371, 372, 373, 375, 381, 383, 387, 396, 413, 414, 416, 426, 429, 430, 431, 432, 433, 434, 438, 456, 457, 458, 459, 462, 486, 491, 503, 504, 505, 506, 507, 508, 509, 511], "summary": {"covered_lines": 156, "num_statements": 184, "percent_covered": 84.78260869565217, "percent_covered_display": "85", "missing_lines": 28, "excluded_lines": 0, "percent_statements_covered": 84.78260869565217, "percent_statements_covered_display": "85"}, "missing_lines": [37, 96, 247, 249, 251, 299, 300, 301, 327, 331, 332, 336, 337, 338, 352, 353, 354, 365, 382, 384, 388, 397, 407, 408, 409, 410, 411, 435], "excluded_lines": [], "start_line": 1}}}, "app\\customers\\schemas.py": {"executed_lines": [1, 3, 5, 8, 9, 10, 11, 12, 13, 14, 15, 17, 18, 19, 20, 23, 24, 25, 26, 27, 28, 29, 30, 32, 33], "summary": {"covered_lines": 25, "num_statements": 27, "percent_covered": 92.5925925925926, "percent_covered_display": "93", "missing_lines": 2, "excluded_lines": 0, "percent_statements_covered": 92.5925925925926, "percent_statements_covered_display": "93"}, "missing_lines": [34, 35], "excluded_lines": [], "functions": {"CustomerCreateSchema.validate_mobile": {"executed_lines": [19, 20], "summary": {"covered_lines": 2, "num_statements": 2, "percent_covered": 100.0, "percent_covered_display": "100", "missing_lines": 0, "excluded_lines": 0, "percent_statements_covered": 100.0, "percent_statements_covered_display": "100"}, "missing_lines": [], "excluded_lines": [], "start_line": 18}, "CustomerUpdateSchema.validate_mobile": {"executed_lines": [], "summary": {"covered_lines": 0, "num_statements": 2, "percent_covered": 0.0, "percent_covered_display": "0", "missing_lines": 2, "excluded_lines": 0, "percent_statements_covered": 0.0, "percent_statements_covered_display": "0"}, "missing_lines": [34, 35], "excluded_lines": [], "start_line": 33}, "": {"executed_lines": [1, 3, 5, 8, 9, 10, 11, 12, 13, 14, 15, 17, 18, 23, 24, 25, 26, 27, 28, 29, 30, 32, 33], "summary": {"covered_lines": 23, "num_statements": 23, "percent_covered": 100.0, "percent_covered_display": "100", "missing_lines": 0, "excluded_lines": 0, "percent_statements_covered": 100.0, "percent_statements_covered_display": "100"}, "missing_lines":
[...]
_line": 109}, "dismiss_job": {"executed_lines": [], "summary": {"covered_lines": 0, "num_statements": 10, "percent_covered": 0.0, "percent_covered_display": "0", "missing_lines": 10, "excluded_lines": 0, "percent_statements_covered": 0.0, "percent_statements_covered_display": "0"}, "missing_lines": [176, 177, 178, 179, 181, 182, 184, 185, 186, 187], "excluded_lines": [], "start_line": 175}, "shelf_scan_v2": {"executed_lines": [], "summary": {"covered_lines": 0, "num_statements": 7, "percent_covered": 0.0, "percent_covered_display": "0", "missing_lines": 7, "excluded_lines": 0, "percent_statements_covered": 0.0, "percent_statements_covered_display": "0"}, "missing_lines": [199, 200, 201, 202, 204, 206, 207], "excluded_lines": [], "start_line": 195}, "receipt_v2": {"executed_lines": [], "summary": {"covered_lines": 0, "num_statements": 8, "percent_covered": 0.0, "percent_covered_display": "0", "missing_lines": 8, "excluded_lines": 0, "percent_statements_covered": 0.0, "percent_statements_covered_display": "0"}, "missing_lines": [216, 217, 219, 221, 222, 224, 226, 227], "excluded_lines": [], "start_line": 212}, "": {"executed_lines": [1, 2, 4, 6, 7, 8, 9, 10, 12, 13, 16, 24, 28, 29, 30, 31, 71, 72, 73, 107, 108, 109, 173, 174, 175, 193, 194, 195, 210, 211, 212], "summary": {"covered_lines": 31, "num_statements": 31, "percent_covered": 100.0, "percent_covered_display": "100", "missing_lines": 0, "excluded_lines": 0, "percent_statements_covered": 100.0, "percent_statements_covered_display": "100"}, "missing_lines": [], "excluded_lines": [], "start_line": 1}}, "classes": {"": {"executed_lines": [1, 2, 4, 6, 7, 8, 9, 10, 12, 13, 16, 24, 25, 28, 29, 30, 31, 32, 33, 36, 37, 40, 41, 44, 45, 46, 47, 48, 50, 51, 54, 55, 56, 57, 58, 61, 62, 63, 66, 68, 71, 72, 73, 107, 108, 109, 110, 112, 113, 114, 117, 120, 121, 123, 124, 125, 126, 127, 130, 131, 132, 134, 135, 138, 142, 143, 144, 145, 149, 150, 153, 159, 161, 162, 163, 165, 166, 167, 173, 174, 175, 193, 194, 195, 210, 211, 212], "summary": {"covered_lines": 87, "num_statements": 140, "percent_covered": 62.142857142857146, "percent_covered_display": "62", "missing_lines": 53, "excluded_lines": 0, "percent_statements_covered": 62.142857142857146, "percent_statements_covered_display": "62"}, "missing_lines": [18, 19, 20, 21, 34, 38, 74, 75, 76, 77, 79, 80, 81, 83, 84, 85, 86, 87, 89, 102, 115, 118, 136, 139, 146, 168, 169, 170, 176, 177, 178, 179, 181, 182, 184, 185, 186, 187, 199, 200, 201, 202, 204, 206, 207, 216, 217, 219, 221, 222, 224, 226, 227], "excluded_lines": [], "start_line": 1}}}, "app\\vision\\shelf.py": {"executed_lines": [1, 3, 4, 5, 7, 10, 15, 16, 18, 22, 23, 36, 37, 38, 41, 43, 50, 51, 54], "summary": {"covered_lines": 19, "num_statements": 24, "percent_covered": 79.16666666666667, "percent_covered_display": "79", "missing_lines": 5, "excluded_lines": 0, "percent_statements_covered": 79.16666666666667, "percent_statements_covered_display": "79"}, "missing_lines": [24, 26, 27, 28, 29], "excluded_lines": [], "functions": {"ShelfAnalytics.__init__": {"executed_lines": [16], "summary": {"covered_lines": 1, "num_statements": 1, "percent_covered": 100.0, "percent_covered_display": "100", "missing_lines": 0, "excluded_lines": 0, "percent_statements_covered": 100.0, "percent_statements_covered_display": "100"}, "missing_lines": [], "excluded_lines": [], "start_line": 15}, "ShelfAnalytics.analyze_shelf": {"executed_lines": [22, 23, 36, 37, 38, 41, 43], "summary": {"covered_lines": 7, "num_statements": 12, "percent_covered": 58.333333333333336, "percent_covered_display": "58", "missing_lines": 5, "excluded_lines": 0, "percent_statements_covered": 58.333333333333336, "percent_statements_covered_display": "58"}, "missing_lines": [24, 26, 27, 28, 29], "excluded_lines": [], "start_line": 18}, "process_shelf_scan": {"executed_lines": [51, 54], "summary": {"covered_lines": 2, "num_statements": 2, "percent_covered": 100.0, "percent_covered_display": "100", "missing_lines": 0, "excluded_lines": 0, "percent_statements_covered": 100.0, "percent_statements_covered_display": "100"}, "missing_lines": [], "excluded_lines": [], "start_line": 50}, "": {"executed_lines": [1, 3, 4, 5, 7, 10, 15, 18, 50], "summary": {"covered_lines": 9, "num_statements": 9, "percent_covered": 100.0, "percent_covered_display": "100", "missing_lines": 0, "excluded_lines": 0, "percent_statements_covered": 100.0, "percent_statements_covered_display": "100"}, "missing_lines": [], "excluded_lines": [], "start_line": 1}}, "classes": {"ShelfAnalytics": {"executed_lines": [16, 22, 23, 36, 37, 38, 41, 43], "summary": {"covered_lines": 8, "num_statements": 13, "percent_covered": 61.53846153846154, "percent_covered_display": "62", "missing_lines": 5, "excluded_lines": 0, "percent_statements_covered": 61.53846153846154, "percent_statements_covered_display": "62"}, "missing_lines": [24, 26, 27, 28, 29], "excluded_lines": [], "start_line": 10}, "": {"executed_lines": [1, 3, 4, 5, 7, 10, 15, 18, 50, 51, 54], "summary": {"covered_lines": 11, "num_statements": 11, "percent_covered": 100.0, "percent_covered_display": "100", "missing_lines": 0, "excluded_lines": 0, "percent_statements_covered": 100.0, "percent_statements_covered_display": "100"}, "missing_lines": [], "excluded_lines": [], "start_line": 1}}}, "app\\whatsapp\\__init__.py": {"executed_lines": [1, 3, 5], "summary": {"covered_lines": 3, "num_statements": 3, "percent_covered": 100.0, "percent_covered_display": "100", "missing_lines": 0, "excluded_lines": 0, "percent_statements_covered": 100.0, "percent_statements_covered_display": "100"}, "missing_lines": [], "excluded_lines": [], "functions": {"": {"executed_lines": [1, 3, 5], "summary": {"covered_lines": 3, "num_statements": 3, "percent_covered": 100.0, "percent_covered_display": "100", "missing_lines": 0, "excluded_lines": 0, "percent_statements_covered": 100.0, "percent_statements_covered_display": "100"}, "missing_lines": [], "excluded_lines": [], "start_line": 1}}, "classes": {"": {"executed_lines": [1, 3, 5], "summary": {"covered_lines": 3, "num_statements": 3, "percent_covered": 100.0, "percent_covered_display": "100", "missing_lines": 0, "excluded_lines": 0, "percent_statements_covered": 100.0, "percent_statements_covered_display": "100"}, "missing_lines": [], "excluded_lines": [], "start_line": 1}}}, "app\\whatsapp\\client.py": {"executed_lines": [5, 6, 7, 9, 11, 14, 38, 43, 50, 53, 54, 55, 56], "summary": {"covered_lines": 13, "num_statements": 29, "percent_covered": 44.827586206896555, "percent_covered_display": "45", "missing_lines": 16, "excluded_lines": 0, "percent_statements_covered": 44.827586206896555, "percent_statements_covered_display": "45"}, "missing_lines": [26, 32, 33, 35, 63, 64, 66, 67, 68, 69, 70, 71, 72, 73, 74, 75], "excluded_lines": [], "functions": {"send_template_message": {"executed_lines": [], "summary": {"covered_lines": 0, "num_statements": 4, "percent_covered": 0.0, "percent_covered_display": "0", "missing_lines": 4, "excluded_lines": 0, "percent_statements_covered": 0.0, "percent_statements_covered_display": "0"}, "missing_lines": [26, 32, 33, 35], "excluded_lines": [], "start_line": 14}, "send_text_message": {"executed_lines": [43, 50], "summary": {"covered_lines": 2, "num_statements": 2, "percent_covered": 100.0, "percent_covered_display": "100", "missing_lines": 0, "excluded_lines": 0, "percent_statements_covered": 100.0, "percent_statements_covered_display": "100"}, "missing_lines": [], "excluded_lines": [], "start_line": 38}, "_send_payload": {"executed_lines": [54, 55, 56], "summary": {"covered_lines": 3, "num_statements": 15, "percent_covered": 20.0, "percent_covered_display": "20", "missing_lines": 12, "excluded_lines": 0, "percent_statements_covered": 20.0, "percent_statements_covered_display": "20"}, "missing_lines": [63, 64, 66, 67, 68, 69, 70, 71, 72, 73, 74, 75], "excluded_lines": [], "start_line": 53}, "": {"executed_lines": [5, 6, 7, 9, 11, 14, 38, 53], "summary": {"covered_lines": 8, "num_statements": 8, "percent_covered": 100.0, "percent_covered_display": "100", "missing_lines": 0, "excluded_lines": 0, "percent_statements_covered": 100.0, "percent_statements_covered_display": "100"}, "missing_lines": [], "excluded_lines": [], "start_line": 1}}, "classes": {"": {"executed_lines": [5, 6, 7, 9, 11, 14, 38, 43, 50, 53, 54, 55, 56], "summary": {"covered_lines": 13, "num_statements": 29, "percent_covered": 44.827586206896555, "percent_covered_display": "45", "missing_lines": 16, "excluded_lines": 0, "percent_statements_covered": 44.827586206896555, "percent_statements_covered_display": "45"}, "missing_lines": [26, 32, 33, 35, 63, 64, 66, 67, 68, 69, 70, 71, 72, 73, 74, 75], "excluded_lines": [], "start_line": 1}}}, "app\\whatsapp\\formatters.py": {"executed_lines": [6, 21, 23, 25, 26, 30, 31, 34, 35, 37, 38, 40, 42, 44, 45, 46, 47, 48, 49, 52, 53, 57, 58, 60], "summary": {"covered_lines": 24, "num_statements": 27, "percent_covered": 88.88888888888889, "percent_covered_display": "89", "missing_lines": 3, "excluded_lines": 1, "percent_statements_covered": 88.88888888888889, "percent_statements_covered_display": "89"}, "missing_lines": [27, 28, 32], "excluded_lines": [7], "functions": {"format_po_message": {"executed_lines": [21, 23, 25, 26, 30, 31, 34, 35, 37, 38, 40, 42, 44, 45, 46, 47, 48, 49, 52, 53, 57, 58, 60], "summary": {"covered_lines": 23, "num_statements": 26, "percent_covered": 88.46153846153847, "percent_covered_display": "88", "missing_lines": 3, "excluded_lines": 1, "percent_statements_covered": 88.46153846153847, "percent_statements_covered_display": "88"}, "missing_lines": [27, 28, 32], "excluded_lines": [7], "start_line": 6}, "": {"executed_lines": [6], "summary": {"covered_lines": 1, "num_statements": 1, "percent_covered": 100.0, "percent_covered_display": "100", "missing_lines": 0, "excluded_lines": 0, "percent_statements_covered": 100.0, "percent_statements_covered_display": "100"}, "missing_lines": [], "excluded_lines": [], "start_line": 1}}, "classes": {"": {"executed_lines": [6, 21, 23, 25, 26, 30, 31, 34, 35, 37, 38, 40, 42, 44, 45, 46, 47, 48, 49, 52, 53, 57, 58, 60], "summary": {"covered_lines": 24, "num_statements": 27, "percent_covered": 88.88888888888889, "percent_covered_display": "89", "missing_lines": 3, "excluded_lines": 1, "percent_statements_covered": 88.88888888888889, "percent_statements_covered_display": "89"}, "missing_lines": [27, 28, 32], "excluded_lines": [7], "start_line": 1}}}, "app\\whatsapp\\routes.py": {"executed_lines": [1, 2, 3, 4, 5, 6, 8, 9, 10, 11, 13, 14, 15, 16, 17, 18, 19, 20, 23, 25, 27, 28, 31, 32, 34, 35, 38, 39, 41, 42, 43, 51, 52, 53, 54, 55, 56, 57, 58, 81, 82, 83, 84, 85, 86, 90, 91, 93, 94, 95, 97, 98, 99, 101, 103, 104, 105, 106, 108, 109, 124, 125, 130, 131, 132, 134, 136, 137, 138, 140, 144, 145, 186, 187, 188, 189, 190, 191, 195, 196, 198, 199, 202, 203, 210, 211, 216, 217, 220, 223, 234, 235, 237, 240, 243, 244, 245, 246, 247, 248, 252, 253, 254, 256, 257, 261, 262, 265, 266, 271, 272, 275, 276, 279, 281, 282, 283, 285, 287, 298, 299, 301, 304, 310, 311, 312, 313], "summary": {"covered_lines": 127, "num_statements": 189, "percent_covered": 67.19576719576719, "percent_covered_display": "67", "missing_lines": 62, "excluded_lines": 0, "percent_statements_covered": 67.19576719576719, "percent_statements_covered_display": "67"}, "missing_lines": [33, 40, 44, 45, 69, 87, 88, 100, 102, 141, 149, 150, 151, 153, 154, 155, 158, 159, 160, 161, 162, 164, 165, 166, 167, 168, 169, 170, 172, 173, 174, 179, 180, 192, 193, 200, 204, 212, 238, 249, 250, 258, 259, 263, 267, 273, 277, 302, 314, 315, 316, 317, 318, 320, 321, 322, 323, 324, 326, 327, 329, 346], "excluded_lines": [], "functions": {"_get_fernet": {"executed_lines": [25, 27, 28], "summary": {"covered_lines": 3, "num_statements": 3, "percent_covered": 100.0, "percent_covered_display": "100", "missing_lines": 0, "excluded_lines": 0, "percent_statements_covered": 100.0, "percent_statements_covered_display": "100"}, "missing_lines": [], "excluded_lines": [], "start_line": 23}, "_encrypt_token": {"executed_lines": [32, 34, 35], "summary": {"covered_lines": 3, "num_statements": 4, "percent_covered": 75.0, "percent_covered_display": "75", "missing_lines": 1, "excluded_lines": 0, "percent_statements_covered": 75.0, "percent_statements_covered_display": "75"}, "missing_lines": [33], "excluded_lines": [], "start_line": 31}, "_decrypt_token": {"executed_lines": [39, 41, 42, 43], "summary": {"covered_lines": 4, "num_statements": 7, "percent_covered": 57.142857142857146, "percent_covered_display": "57", "missing_lines": 3, "excluded_lines": 0, "percent_statements_covered": 57.142857142857146, "percent_statements_covered_display": "57"}, "missing_lines": [40, 44, 45], "excluded_lines": [], "start_line": 38}, "get_config": {"executed_lines": [55, 56, 57, 58], "summary": {"covered_lines": 4, "num_statements": 5, "percent_covered": 80.0, "percent_covered_display": "80", "missing_lines": 1, "excluded_lines": 0, "percent_statements_covered": 80.0, "percent_statements_covered_display": "80"}, "missing_lines": [69], "excluded_lines": [], "start_line": 54}, "update_config": {"executed_lines": [85, 86, 90, 91, 93, 94, 95, 97, 98, 99, 101, 103, 104, 105, 106, 108, 109], "summary": {"covered_lines": 17, "num_statements": 21, "percent_covered": 80.95238095238095, "percent_covered_display": "81", "missing_lines": 4, "excluded_lines": 0, "percent_statements_covered": 80.95238095238095, "percent_statements_covered_display": "81"}, "missing_lines": [87, 88, 100, 102], "excluded_lines": [], "start_line": 84}, "webhook_verify": {"executed_lines": [130, 131, 132, 134, 136, 137, 138, 140], "summary": {"covered_lines": 8, "num_statements": 9, "percent_covered": 88.88888888888889, "percent_covered_display": "89", "missing_lines": 1, "excluded_lines": 0, "percent_statements_covered": 88.88888888888889, "percent_statements_covered_display": "89"}, "missing_lines": [141], "excluded_lines": [], "start_line": 125}, "webhook_receive": {"executed_lines": [], "summary": {"covered_lines": 0, "num_statements": 23, "percent_covered": 0.0, "percent_covered_display": "0", "missing_lines": 23, "excluded_lines": 0, "percent_statements_covered": 0.0, "percent_statements_covered_display": "0"}, "missing_lines": [149, 150, 151, 153, 154, 155, 158, 159, 160, 161, 162, 164, 165, 166, 167, 168, 169, 170, 172, 173, 174, 179, 180], "excluded_lines": [], "start_line": 145}, "send_alert": {"executed_lines": [190, 191, 195, 196, 198, 199, 202, 203, 210, 211, 216, 217, 220, 223, 234, 235, 237, 240], "summary": {"covered_lines": 18, "num_statements": 24, "percent_covered": 75.0, "percent_covered_display": "75", "missing_lines": 6, "excluded_lines": 0, "percent_statements_covered": 75.0, "percent_statements_covered_display": "75"}, "missing_lines": [192, 193, 200, 204, 212, 238], "excluded_lines": [], "start_line": 189}, "send_po": {"executed_lines": [247, 248, 252, 253, 254, 256, 257, 261, 262, 265, 266, 271, 272, 275, 276, 279, 281, 282, 283, 285, 287, 298, 299, 301, 304], "summary": {"covered_lines": 25, "num_statements": 34, "percent_covered": 73.52941176470588, "percent_covered_display": "74", "missing_lines": 9, "excluded_lines": 0, "percent_statements_covered": 73.52941176470588, "percent_statements_covered_display": "74"}, "missing_lines": [249, 250, 258, 259, 263, 267, 273, 277, 302], "excluded_lines": [], "start_line": 246}, "get_message_log": {"executed_lines": [], "summary": {"covered_lines": 0, "num_statements": 14, "percent_covered": 0.0, "percent_covered_display": "0", "missing_lines": 14, "excluded_lines": 0, "percent_statements_covered": 0.0, "percent_statements_covered_display": "0"}, "missing_lines": [314, 315, 316, 317, 318, 320, 321, 322, 323, 324, 326, 327, 329, 346], "excluded_lines": [], "start_line": 313}, "": {"executed_lines": [1, 2, 3, 4, 5, 6, 8, 9, 10, 11, 13, 14, 15, 16, 17, 18, 19, 20, 23, 31, 38, 51, 52, 53, 54, 81, 82, 83, 84, 124, 125, 144, 145, 186, 187, 188, 189, 243, 244, 245, 246, 310, 311, 312, 313], "summary": {"covered_lines": 45, "num_statements": 45, "percent_covered": 100.0, "percent_covered_display": "100", "missing_lines": 0, "excluded_lines": 0, "percent_statements_covered": 100.0, "percent_statements_covered_display": "100"}, "missing_lines": [], "excluded_lines": [], "start_line": 1}}, "classes": {"": {"executed_lines": [1, 2, 3, 4, 5, 6, 8, 9, 10, 11, 13, 14, 15, 16, 17, 18, 19, 20, 23, 25, 27, 28, 31, 32, 34, 35, 38, 39, 41, 42, 43, 51, 52, 53, 54, 55, 56, 57, 58, 81, 82, 83, 84, 85, 86, 90, 91, 93, 94, 95, 97, 98, 99, 101, 103, 104, 105, 106, 108, 109, 124, 125, 130, 131, 132, 134, 136, 137, 138, 140, 144, 145, 186, 187, 188, 189, 190, 191, 195, 196, 198, 199, 202, 203, 210, 211, 216, 217, 220, 223, 234, 235, 237, 240, 243, 244, 245, 246, 247, 248, 252, 253, 254, 256, 257, 261, 262, 265, 266, 271, 272, 275, 276, 279, 281, 282, 283, 285, 287, 298, 299, 301, 304, 310, 311, 312, 313], "summary": {"covered_lines": 127, "num_statements": 189, "percent_covered": 67.19576719576719, "percent_covered_display": "67", "missing_lines": 62, "excluded_lines": 0, "percent_statements_covered": 67.19576719576719, "percent_statements_covered_display": "67"}, "missing_lines": [33, 40, 44, 45, 69, 87, 88, 100, 102, 141, 149, 150, 151, 153, 154, 155, 158, 159, 160, 161, 162, 164, 165, 166, 167, 168, 169, 170, 172, 173, 174, 179, 180, 192, 193, 200, 204, 212, 238, 249, 250, 258, 259, 263, 267, 273, 277, 302, 314, 315, 316, 317, 318, 320, 321, 322, 323, 324, 326, 327, 329, 346], "excluded_lines": [], "start_line": 1}}}, "app\\whatsapp\\schemas.py": {"executed_lines": [1, 4, 5, 6, 7, 8, 9, 12, 13, 16, 17], "summary": {"covered_lines": 11, "num_statements": 11, "percent_covered": 100.0, "percent_covered_display": "100", "missing_lines": 0, "excluded_lines": 0, "percent_statements_covered": 100.0, "percent_statements_covered_display": "100"}, "missing_lines": [], "excluded_lines": [], "functions": {"": {"executed_lines": [1, 4, 5, 6, 7, 8, 9, 12, 13, 16, 17], "summary": {"covered_lines": 11, "num_statements": 11, "percent_covered": 100.0, "percent_covered_display": "100", "missing_lines": 0, "excluded_lines": 0, "percent_statements_covered": 100.0, "percent_statements_covered_display": "100"}, "missing_lines": [], "excluded_lines": [], "start_line": 1}}, "classes": {"WhatsAppConfigUpsertSchema": {"executed_lines": [], "summary": {"covered_lines": 0, "num_statements": 0, "percent_covered": 100.0, "percent_covered_display": "100", "missing_lines": 0, "excluded_lines": 0, "percent_statements_covered": 100.0, "percent_statements_covered_display": "100"}, "missing_lines": [], "excluded_lines": [], "start_line": 4}, "SendAlertSchema": {"executed_lines": [], "summary": {"covered_lines": 0, "num_statements": 0, "percent_covered": 100.0, "percent_covered_display": "100", "missing_lines": 0, "excluded_lines": 0, "percent_statements_covered": 100.0, "percent_statements_covered_display": "100"}, "missing_lines": [], "excluded_lines": [], "start_line": 12}, "SendPOSchema": {"executed_lines": [], "summary": {"covered_lines": 0, "num_statements": 0, "percent_covered": 100.0, "percent_covered_display": "100", "missing_lines": 0, "excluded_lines": 0, "percent_statements_covered": 100.0, "percent_statements_covered_display": "100"}, "missing_lines": [], "excluded_lines": [], "start_line": 16}, "": {"executed_lines": [1, 4, 5, 6, 7, 8, 9, 12, 13, 16, 17], "summary": {"covered_lines": 11, "num_statements": 11, "percent_covered": 100.0, "percent_covered_display": "100", "missing_lines": 0, "excluded_lines": 0, "percent_statements_covered": 100.0, "percent_statements_covered_display": "100"}, "missing_lines": [], "excluded_lines": [], "start_line": 1}}}}, "totals": {"covered_lines": 6364, "num_statements": 8607, "percent_covered": 73.93981642848844, "percent_covered_display": "74", "missing_lines": 2243, "excluded_lines": 1, "percent_statements_covered": 73.93981642848844, "percent_statements_covered_display": "74"}}